<?xml version="1.0" encoding="UTF-8"?>
<robot generator="Robot 7.0.1 (Python 3.13.1 on win32)" generated="2025-03-19T21:43:38.377873" rpa="false" schemaversion="5">
<suite id="s1" name="Web" source="C:\workspace\projetos\Robot\buger-eats-partner-ms\tests\web">
<suite id="s1-s1" name="Admin" source="C:\workspace\projetos\Robot\buger-eats-partner-ms\tests\web\admin.robot">
<test id="s1-s1-t1" name="Should validate required admin fields" line="7">
<kw name="Start Admin Session" owner="admin">
<kw name="Start session" owner="landing">
<kw name="New Browser" owner="Browser">
<msg time="2025-03-19T21:43:44.804353" level="INFO">{"browser": "chromium", "headless": false, "chromiumSandbox": false, "devtools": false, "handleSIGHUP": true, "handleSIGINT": true, "handleSIGTERM": true, "slowMo": 0.0, "timeout": 30000.0, "tracesDir": "C:\\workspace\\projetos\\Robot\\buger-eats-partner-ms\\logs\\browser\\traces\\temp\\b5641710-59b6-42a9-aa00-d8ce655f8065"}</msg>
<msg time="2025-03-19T21:43:44.846369" level="INFO">Starting Browser process C:\Python313\Lib\site-packages\Browser\wrapper\index.js using port 51573</msg>
<msg time="2025-03-19T21:43:44.846538" level="INFO">Node startup parameters: ['node', 'C:\\Python313\\Lib\\site-packages\\Browser\\wrapper\\index.js', '51573']</msg>
<msg time="2025-03-19T21:43:53.543610" level="INFO">Successfully created browser with options: {"browser":"chromium","headless":false,"chromiumSandbox":false,"devtools":false,"handleSIGHUP":true,"handleSIGINT":true,"handleSIGTERM":true,"slowMo":0,"timeout":30000,"tracesDir":"C:\\workspace\\projetos\\Robot\\buger-eats-partner-ms\\logs\\browser\\traces\\temp\\b5641710-59b6-42a9-aa00-d8ce655f8065"}</msg>
<arg>browser=chromium</arg>
<arg>headless=false</arg>
<tag>BrowserControl</tag>
<tag>Setter</tag>
<doc>Create a new playwright Browser with specified options.</doc>
<status status="PASS" start="2025-03-19T21:43:44.803359" elapsed="8.740636"/>
</kw>
<kw name="New Page" owner="Browser">
<msg time="2025-03-19T21:43:54.458034" level="INFO">Successfully initialized new page object and opened url: http://localhost:3000/</msg>
<msg time="2025-03-19T21:43:54.458132" level="INFO">No context was open. New context was automatically opened when this page is created.</msg>
<arg>http://localhost:3000/</arg>
<tag>BrowserControl</tag>
<tag>Setter</tag>
<doc>Open a new Page.</doc>
<status status="PASS" start="2025-03-19T21:43:53.544548" elapsed="0.913861"/>
</kw>
<status status="PASS" start="2025-03-19T21:43:44.802241" elapsed="9.656362"/>
</kw>
<kw name="Click" owner="Browser">
<msg time="2025-03-19T21:43:54.459532" level="INFO">Clicks the element 'css=header a[href="/login"]'.</msg>
<arg>css=header a[href="/login"]</arg>
<tag>PageContent</tag>
<tag>Setter</tag>
<doc>Simulates mouse click on the element found by ``selector``.</doc>
<status status="PASS" start="2025-03-19T21:43:54.458805" elapsed="0.175668"/>
</kw>
<kw name="Submit login form" owner="login">
<kw name="Clear Text" owner="Browser">
<arg>${USERNAME_INPUT}</arg>
<tag>PageContent</tag>
<tag>Setter</tag>
<doc>Clears the text field found by ``selector``.</doc>
<status status="PASS" start="2025-03-19T21:43:54.635350" elapsed="0.019357"/>
</kw>
<kw name="Fill Text" owner="Browser">
<msg time="2025-03-19T21:43:54.655940" level="INFO">Fills the text 'administrador' in the given field.</msg>
<arg>${USERNAME_INPUT}</arg>
<arg>${username}</arg>
<tag>PageContent</tag>
<tag>Setter</tag>
<doc>Clears and fills the given ``txt`` into the text field found by ``selector``.</doc>
<status status="PASS" start="2025-03-19T21:43:54.655026" elapsed="0.015456"/>
</kw>
<kw name="Clear Text" owner="Browser">
<arg>${PASSWORD_INPUT}</arg>
<tag>PageContent</tag>
<tag>Setter</tag>
<doc>Clears the text field found by ``selector``.</doc>
<status status="PASS" start="2025-03-19T21:43:54.670772" elapsed="0.013728"/>
</kw>
<kw name="Fill Text" owner="Browser">
<msg time="2025-03-19T21:43:54.685632" level="INFO">Fills the text 'qaninja#123' in the given field.</msg>
<arg>${PASSWORD_INPUT}</arg>
<arg>${password}</arg>
<tag>PageContent</tag>
<tag>Setter</tag>
<doc>Clears and fills the given ``txt`` into the text field found by ``selector``.</doc>
<status status="PASS" start="2025-03-19T21:43:54.684784" elapsed="0.013063"/>
</kw>
<kw name="Click" owner="Browser">
<msg time="2025-03-19T21:43:54.698838" level="INFO">Clicks the element 'css=button &gt;&gt; text=Entrar'.</msg>
<arg>${LOGIN_BUTTON}</arg>
<tag>PageContent</tag>
<tag>Setter</tag>
<doc>Simulates mouse click on the element found by ``selector``.</doc>
<status status="PASS" start="2025-03-19T21:43:54.698101" elapsed="0.063885"/>
</kw>
<arg>administrador</arg>
<arg>qaninja#123</arg>
<status status="PASS" start="2025-03-19T21:43:54.634799" elapsed="0.127415"/>
</kw>
<kw name="Wait For Elements State" owner="Browser">
<msg time="2025-03-19T21:43:54.773379" level="INFO">Waited for Element with selector text=Gestão de Parceiros at state visible</msg>
<arg>text=Gestão de Parceiros</arg>
<arg>visible</arg>
<arg>1</arg>
<tag>PageContent</tag>
<tag>Wait</tag>
<doc>Waits for the element found by ``selector`` to satisfy state option.</doc>
<status status="PASS" start="2025-03-19T21:43:54.762433" elapsed="0.011159"/>
</kw>
<status status="PASS" start="2025-03-19T21:43:44.801583" elapsed="9.972153"/>
</kw>
<kw name="Validar Visibilidade dos Elementos" owner="admin">
<kw name="Wait For Elements State" owner="Browser">
<msg time="2025-03-19T21:43:54.781994" level="INFO">Waited for Element with selector img[alt="Buger Eats"] at state visible</msg>
<arg>img[alt="Buger Eats"]</arg>
<arg>visible</arg>
<arg>5</arg>
<tag>PageContent</tag>
<tag>Wait</tag>
<doc>Waits for the element found by ``selector`` to satisfy state option.</doc>
<status status="PASS" start="2025-03-19T21:43:54.774873" elapsed="0.007251"/>
</kw>
<kw name="Wait For Elements State" owner="Browser">
<msg time="2025-03-19T21:43:54.788970" level="INFO">Waited for Element with selector text=Gestão de Parceiros at state visible</msg>
<arg>text=Gestão de Parceiros</arg>
<arg>visible</arg>
<arg>5</arg>
<tag>PageContent</tag>
<tag>Wait</tag>
<doc>Waits for the element found by ``selector`` to satisfy state option.</doc>
<status status="PASS" start="2025-03-19T21:43:54.782366" elapsed="0.006762"/>
</kw>
<kw name="Wait For Elements State" owner="Browser">
<msg time="2025-03-19T21:43:54.795765" level="INFO">Waited for Element with selector css=input[placeholder="Busque por nome ou email..."] at state visible</msg>
<arg>css=input[placeholder="Busque por nome ou email..."]</arg>
<arg>visible</arg>
<arg>1</arg>
<tag>PageContent</tag>
<tag>Wait</tag>
<doc>Waits for the element found by ``selector`` to satisfy state option.</doc>
<status status="PASS" start="2025-03-19T21:43:54.789337" elapsed="0.006532"/>
</kw>
<kw name="Wait For Elements State" owner="Browser">
<msg time="2025-03-19T21:43:54.801613" level="INFO">Waited for Element with selector text=Buscar at state visible</msg>
<arg>text=Buscar</arg>
<arg>visible</arg>
<arg>5</arg>
<tag>PageContent</tag>
<tag>Wait</tag>
<doc>Waits for the element found by ``selector`` to satisfy state option.</doc>
<status status="PASS" start="2025-03-19T21:43:54.796032" elapsed="0.005682"/>
</kw>
<kw name="Wait For Elements State" owner="Browser">
<msg time="2025-03-19T21:43:54.833156" level="INFO">Waited for Element with selector text=Status at state visible</msg>
<arg>text=Status</arg>
<arg>visible</arg>
<arg>5</arg>
<tag>PageContent</tag>
<tag>Wait</tag>
<doc>Waits for the element found by ``selector`` to satisfy state option.</doc>
<status status="PASS" start="2025-03-19T21:43:54.801878" elapsed="0.031527"/>
</kw>
<kw name="Wait For Elements State" owner="Browser">
<msg time="2025-03-19T21:43:54.840376" level="INFO">Waited for Element with selector text=Nome at state visible</msg>
<arg>text=Nome</arg>
<arg>visible</arg>
<arg>5</arg>
<tag>PageContent</tag>
<tag>Wait</tag>
<doc>Waits for the element found by ``selector`` to satisfy state option.</doc>
<status status="PASS" start="2025-03-19T21:43:54.833707" elapsed="0.006782"/>
</kw>
<kw name="Wait For Elements State" owner="Browser">
<msg time="2025-03-19T21:43:54.846719" level="INFO">Waited for Element with selector xpath=//th[normalize-space(text())="Email"] at state visible</msg>
<arg>xpath=//th[normalize-space(text())="Email"]</arg>
<arg>visible</arg>
<arg>5</arg>
<tag>PageContent</tag>
<tag>Wait</tag>
<doc>Waits for the element found by ``selector`` to satisfy state option.</doc>
<status status="PASS" start="2025-03-19T21:43:54.840898" elapsed="0.005924"/>
</kw>
<kw name="Wait For Elements State" owner="Browser">
<msg time="2025-03-19T21:43:54.852513" level="INFO">Waited for Element with selector text=Whatsapp at state visible</msg>
<arg>text=Whatsapp</arg>
<arg>visible</arg>
<arg>5</arg>
<tag>PageContent</tag>
<tag>Wait</tag>
<doc>Waits for the element found by ``selector`` to satisfy state option.</doc>
<status status="PASS" start="2025-03-19T21:43:54.847003" elapsed="0.005612"/>
</kw>
<kw name="Wait For Elements State" owner="Browser">
<msg time="2025-03-19T21:43:54.858293" level="INFO">Waited for Element with selector xpath=//th[normalize-space(text())="Negócio"] at state visible</msg>
<arg>xpath=//th[normalize-space(text())="Negócio"]</arg>
<arg>visible</arg>
<arg>5</arg>
<tag>PageContent</tag>
<tag>Wait</tag>
<doc>Waits for the element found by ``selector`` to satisfy state option.</doc>
<status status="PASS" start="2025-03-19T21:43:54.852783" elapsed="0.005615"/>
</kw>
<status status="PASS" start="2025-03-19T21:43:54.774363" elapsed="0.084144"/>
</kw>
<kw name="Get Text" owner="Browser">
<msg time="2025-03-19T21:43:54.885791" level="INFO">Text: 'Gestão de Parceiros'</msg>
<arg>text=Gestão de Parceiros</arg>
<arg>==</arg>
<arg>Gestão de Parceiros</arg>
<tag>Assertion</tag>
<tag>Getter</tag>
<tag>PageContent</tag>
<doc>Returns text attribute of the element found by ``selector``.</doc>
<status status="PASS" start="2025-03-19T21:43:54.858965" elapsed="0.026954"/>
</kw>
<kw name="Validate Input Placeholder" owner="admin">
<kw name="Get Attribute" owner="Browser">
<msg time="2025-03-19T21:43:54.899391" level="INFO">Attribute is: 'Busque por nome ou email...'</msg>
<msg time="2025-03-19T21:43:54.899559" level="INFO">${placeholder} = Busque por nome ou email...</msg>
<var>${placeholder}</var>
<arg>${selector}</arg>
<arg>placeholder</arg>
<tag>Assertion</tag>
<tag>Getter</tag>
<tag>PageContent</tag>
<doc>Returns the HTML ``attribute`` of the element found by ``selector``.</doc>
<status status="PASS" start="2025-03-19T21:43:54.887075" elapsed="0.012518"/>
</kw>
<kw name="Should Be Equal" owner="BuiltIn">
<arg>${placeholder}</arg>
<arg>${expected_placeholder}</arg>
<doc>Fails if the given objects are unequal.</doc>
<status status="PASS" start="2025-03-19T21:43:54.899835" elapsed="0.000465"/>
</kw>
<arg>css=input[placeholder="Busque por nome ou email..."]</arg>
<arg>Busque por nome ou email...</arg>
<status status="PASS" start="2025-03-19T21:43:54.886513" elapsed="0.013900"/>
</kw>
<kw name="Wait For Elements State" owner="Browser">
<msg time="2025-03-19T21:43:54.913947" level="INFO">Waited for Element with selector css=tr:first-child button.button-primary at state enabled</msg>
<arg>css=tr:first-child button.button-primary</arg>
<arg>enabled</arg>
<arg>1</arg>
<tag>PageContent</tag>
<tag>Wait</tag>
<doc>Waits for the element found by ``selector`` to satisfy state option.</doc>
<status status="PASS" start="2025-03-19T21:43:54.900864" elapsed="0.013233"/>
</kw>
<kw name="Wait For Elements State" owner="Browser">
<msg time="2025-03-19T21:43:54.919986" level="INFO">Waited for Element with selector xpath=(//button[@class="button button-danger"])[1] at state visible</msg>
<arg>xpath=(//button[@class="button button-danger"])[1]</arg>
<tag>PageContent</tag>
<tag>Wait</tag>
<doc>Waits for the element found by ``selector`` to satisfy state option.</doc>
<status status="PASS" start="2025-03-19T21:43:54.914575" elapsed="0.005522"/>
</kw>
<kw name="Take Screenshot" owner="Browser">
<msg time="2025-03-19T21:43:55.032780" level="INFO" html="true">&lt;/td&gt;&lt;/tr&gt;&lt;tr&gt;&lt;td colspan="3"&gt;&lt;a href="browser/screenshot/robotframework-browser-screenshot-1.png" target="_blank"&gt;&lt;img src="browser/screenshot/robotframework-browser-screenshot-1.png" width="800px"/&gt;&lt;/a&gt;</msg>
<tag>PageContent</tag>
<doc>Takes a screenshot of the current window or element and saves it to disk.</doc>
<status status="PASS" start="2025-03-19T21:43:54.920555" elapsed="0.112431"/>
</kw>
<doc>Validar campos obrigatórios</doc>
<tag>admin</tag>
<status status="PASS" start="2025-03-19T21:43:44.800481" elapsed="10.233012"/>
</test>
<test id="s1-s1-t2" name="Should search partner by name" line="20">
<kw name="Cadastro de parceiro com sucesso" owner="admin">
<kw name="Go to form page" owner="signup">
<kw name="New Browser" owner="Browser">
<msg time="2025-03-19T21:43:55.105402" level="INFO">Switching browser to browser=9b0516b8-5a5d-41a0-ab60-5d06a2ffd697</msg>
<msg time="2025-03-19T21:43:55.109557" level="INFO">Successfully changed active browser: browser=9b0516b8-5a5d-41a0-ab60-5d06a2ffd697</msg>
<msg time="2025-03-19T21:43:55.109850" level="INFO">Reusing existing browser with id: browser=9b0516b8-5a5d-41a0-ab60-5d06a2ffd697</msg>
<arg>browser=chromium</arg>
<arg>headless=false</arg>
<tag>BrowserControl</tag>
<tag>Setter</tag>
<doc>Create a new playwright Browser with specified options.</doc>
<status status="PASS" start="2025-03-19T21:43:55.104306" elapsed="0.005683"/>
</kw>
<kw name="New Page" owner="Browser">
<msg time="2025-03-19T21:43:56.861297" level="INFO">Successfully initialized new page object and opened url: http://localhost:3000/partner</msg>
<msg time="2025-03-19T21:43:56.861401" level="INFO">No context was open. New context was automatically opened when this page is created.</msg>
<arg>http://localhost:3000/partner</arg>
<tag>BrowserControl</tag>
<tag>Setter</tag>
<doc>Open a new Page.</doc>
<status status="PASS" start="2025-03-19T21:43:55.110285" elapsed="1.751325"/>
</kw>
<kw name="Set Strict Mode" owner="Browser">
<arg>on</arg>
<tag>BrowserControl</tag>
<tag>Setter</tag>
<doc>Controls library strict mode.</doc>
<status status="PASS" start="2025-03-19T21:43:56.861887" elapsed="0.000796"/>
</kw>
<kw name="Set Browser Timeout" owner="Browser">
<arg>10s</arg>
<tag>Config</tag>
<tag>Setter</tag>
<doc>Sets the timeout used by most input and getter keywords.</doc>
<status status="PASS" start="2025-03-19T21:43:56.862837" elapsed="0.000618"/>
</kw>
<status status="PASS" start="2025-03-19T21:43:55.103605" elapsed="1.759966"/>
</kw>
<kw name="Submit partner form" owner="signup">
<kw name="Clear Text" owner="Browser">
<arg>${NAME_INPUT}</arg>
<tag>PageContent</tag>
<tag>Setter</tag>
<doc>Clears the text field found by ``selector``.</doc>
<status status="PASS" start="2025-03-19T21:43:56.864362" elapsed="0.036225"/>
</kw>
<kw name="Fill Text" owner="Browser">
<msg time="2025-03-19T21:43:56.901605" level="INFO">Fills the text 'Super Ravena' in the given field.</msg>
<arg>${NAME_INPUT}</arg>
<arg>${name}</arg>
<tag>PageContent</tag>
<tag>Setter</tag>
<doc>Clears and fills the given ``txt`` into the text field found by ``selector``.</doc>
<status status="PASS" start="2025-03-19T21:43:56.900869" elapsed="0.013503"/>
</kw>
<kw name="Fill Text" owner="Browser">
<msg time="2025-03-19T21:43:56.915455" level="INFO">Fills the text 'super_ravena@email.com' in the given field.</msg>
<arg>${EMAIL_INPUT}</arg>
<arg>${email}</arg>
<tag>PageContent</tag>
<tag>Setter</tag>
<doc>Clears and fills the given ``txt`` into the text field found by ``selector``.</doc>
<status status="PASS" start="2025-03-19T21:43:56.914679" elapsed="0.012949"/>
</kw>
<kw name="Fill Text" owner="Browser">
<msg time="2025-03-19T21:43:56.928788" level="INFO">Fills the text '11999999999' in the given field.</msg>
<arg>${WHATSAPP_INPUT}</arg>
<arg>${whatsapp}</arg>
<tag>PageContent</tag>
<tag>Setter</tag>
<doc>Clears and fills the given ``txt`` into the text field found by ``selector``.</doc>
<status status="PASS" start="2025-03-19T21:43:56.927961" elapsed="0.016935"/>
</kw>
<kw name="Click" owner="Browser">
<msg time="2025-03-19T21:43:56.946105" level="INFO">Clicks the element 'css=img[alt="Restaurante"]'.</msg>
<arg>css=img[alt="${business_type}"]</arg>
<tag>PageContent</tag>
<tag>Setter</tag>
<doc>Simulates mouse click on the element found by ``selector``.</doc>
<status status="PASS" start="2025-03-19T21:43:56.945312" elapsed="0.039600"/>
</kw>
<kw name="Wait For Elements State" owner="Browser">
<msg time="2025-03-19T21:43:56.992443" level="INFO">Waited for Element with selector css=button &gt;&gt; text=Cadastre-se at state visible</msg>
<arg>${REGISTER_BUTTON}</arg>
<arg>visible</arg>
<arg>5</arg>
<tag>PageContent</tag>
<tag>Wait</tag>
<doc>Waits for the element found by ``selector`` to satisfy state option.</doc>
<status status="PASS" start="2025-03-19T21:43:56.985192" elapsed="0.007411"/>
</kw>
<kw name="Click" owner="Browser">
<msg time="2025-03-19T21:43:56.993598" level="INFO">Clicks the element 'css=button &gt;&gt; text=Cadastre-se'.</msg>
<arg>${REGISTER_BUTTON}</arg>
<tag>PageContent</tag>
<tag>Setter</tag>
<doc>Simulates mouse click on the element found by ``selector``.</doc>
<status status="PASS" start="2025-03-19T21:43:56.992839" elapsed="0.045957"/>
</kw>
<kw name="Take Screenshot" owner="Browser">
<msg time="2025-03-19T21:43:57.151658" level="INFO" html="true">&lt;/td&gt;&lt;/tr&gt;&lt;tr&gt;&lt;td colspan="3"&gt;&lt;a href="browser/screenshot/robotframework-browser-screenshot-2.png" target="_blank"&gt;&lt;img src="browser/screenshot/robotframework-browser-screenshot-2.png" width="800px"/&gt;&lt;/a&gt;</msg>
<tag>PageContent</tag>
<doc>Takes a screenshot of the current window or element and saves it to disk.</doc>
<status status="PASS" start="2025-03-19T21:43:57.039087" elapsed="0.112773"/>
</kw>
<arg>${PARTNER_NAME}</arg>
<arg>${PARTNER_EMAIL}</arg>
<arg>${PARTNER_WHATSAPP}</arg>
<arg>${PARTNER_BUSINESS}</arg>
<status status="PASS" start="2025-03-19T21:43:56.863774" elapsed="0.288228"/>
</kw>
<kw name="Wait For Elements State" owner="Browser">
<msg time="2025-03-19T21:43:57.162017" level="INFO">Waited for Element with selector text=Bons negócios :) at state visible</msg>
<arg>text=Bons negócios :)</arg>
<arg>visible</arg>
<arg>5</arg>
<tag>PageContent</tag>
<tag>Wait</tag>
<doc>Waits for the element found by ``selector`` to satisfy state option.</doc>
<status status="PASS" start="2025-03-19T21:43:57.152246" elapsed="0.009999"/>
</kw>
<kw name="Wait For Elements State" owner="Browser">
<msg time="2025-03-19T21:43:57.169828" level="INFO">Waited for Element with selector text=Enviamos um email de confirmação para: super_ravena@email.com at state visible</msg>
<arg>text=Enviamos um email de confirmação para: ${PARTNER_EMAIL}</arg>
<arg>visible</arg>
<arg>5</arg>
<tag>PageContent</tag>
<tag>Wait</tag>
<doc>Waits for the element found by ``selector`` to satisfy state option.</doc>
<status status="PASS" start="2025-03-19T21:43:57.162531" elapsed="0.007498"/>
</kw>
<kw name="Click" owner="Browser">
<msg time="2025-03-19T21:43:57.171067" level="INFO">Clicks the element 'css=button &gt;&gt; text=Fechar'.</msg>
<arg>${CLOSE_BUTTON}</arg>
<tag>PageContent</tag>
<tag>Setter</tag>
<doc>Simulates mouse click on the element found by ``selector``.</doc>
<status status="PASS" start="2025-03-19T21:43:57.170297" elapsed="0.415932"/>
</kw>
<kw name="Take Screenshot" owner="Browser">
<msg time="2025-03-19T21:43:57.787849" level="INFO" html="true">&lt;/td&gt;&lt;/tr&gt;&lt;tr&gt;&lt;td colspan="3"&gt;&lt;a href="browser/screenshot/robotframework-browser-screenshot-3.png" target="_blank"&gt;&lt;img src="browser/screenshot/robotframework-browser-screenshot-3.png" width="800px"/&gt;&lt;/a&gt;</msg>
<tag>PageContent</tag>
<doc>Takes a screenshot of the current window or element and saves it to disk.</doc>
<status status="PASS" start="2025-03-19T21:43:57.586527" elapsed="0.201558"/>
</kw>
<status status="PASS" start="2025-03-19T21:43:55.102745" elapsed="2.685473"/>
</kw>
<kw name="Start Admin Session" owner="admin">
<kw name="Start session" owner="landing">
<kw name="New Browser" owner="Browser">
<msg time="2025-03-19T21:43:57.790309" level="INFO">Switching browser to browser=9b0516b8-5a5d-41a0-ab60-5d06a2ffd697</msg>
<msg time="2025-03-19T21:43:57.793078" level="INFO">Successfully changed active browser: browser=9b0516b8-5a5d-41a0-ab60-5d06a2ffd697</msg>
<msg time="2025-03-19T21:43:57.793192" level="INFO">Reusing existing browser with id: browser=9b0516b8-5a5d-41a0-ab60-5d06a2ffd697</msg>
<arg>browser=chromium</arg>
<arg>headless=false</arg>
<tag>BrowserControl</tag>
<tag>Setter</tag>
<doc>Create a new playwright Browser with specified options.</doc>
<status status="PASS" start="2025-03-19T21:43:57.789671" elapsed="0.003580"/>
</kw>
<kw name="New Page" owner="Browser">
<msg time="2025-03-19T21:43:57.921858" level="INFO">Successfully initialized new page object and opened url: http://localhost:3000/</msg>
<arg>http://localhost:3000/</arg>
<tag>BrowserControl</tag>
<tag>Setter</tag>
<doc>Open a new Page.</doc>
<status status="PASS" start="2025-03-19T21:43:57.793458" elapsed="0.128651"/>
</kw>
<status status="PASS" start="2025-03-19T21:43:57.789272" elapsed="0.132992"/>
</kw>
<kw name="Click" owner="Browser">
<msg time="2025-03-19T21:43:57.923315" level="INFO">Clicks the element 'css=header a[href="/login"]'.</msg>
<arg>css=header a[href="/login"]</arg>
<tag>PageContent</tag>
<tag>Setter</tag>
<doc>Simulates mouse click on the element found by ``selector``.</doc>
<status status="PASS" start="2025-03-19T21:43:57.922509" elapsed="0.076697"/>
</kw>
<kw name="Submit login form" owner="login">
<kw name="Clear Text" owner="Browser">
<arg>${USERNAME_INPUT}</arg>
<tag>PageContent</tag>
<tag>Setter</tag>
<doc>Clears the text field found by ``selector``.</doc>
<status status="PASS" start="2025-03-19T21:43:58.000181" elapsed="0.015457"/>
</kw>
<kw name="Fill Text" owner="Browser">
<msg time="2025-03-19T21:43:58.016675" level="INFO">Fills the text 'administrador' in the given field.</msg>
<arg>${USERNAME_INPUT}</arg>
<arg>${username}</arg>
<tag>PageContent</tag>
<tag>Setter</tag>
<doc>Clears and fills the given ``txt`` into the text field found by ``selector``.</doc>
<status status="PASS" start="2025-03-19T21:43:58.015901" elapsed="0.013976"/>
</kw>
<kw name="Clear Text" owner="Browser">
<arg>${PASSWORD_INPUT}</arg>
<tag>PageContent</tag>
<tag>Setter</tag>
<doc>Clears the text field found by ``selector``.</doc>
<status status="PASS" start="2025-03-19T21:43:58.030155" elapsed="0.012132"/>
</kw>
<kw name="Fill Text" owner="Browser">
<msg time="2025-03-19T21:43:58.043457" level="INFO">Fills the text 'qaninja#123' in the given field.</msg>
<arg>${PASSWORD_INPUT}</arg>
<arg>${password}</arg>
<tag>PageContent</tag>
<tag>Setter</tag>
<doc>Clears and fills the given ``txt`` into the text field found by ``selector``.</doc>
<status status="PASS" start="2025-03-19T21:43:58.042599" elapsed="0.011565"/>
</kw>
<kw name="Click" owner="Browser">
<msg time="2025-03-19T21:43:58.055088" level="INFO">Clicks the element 'css=button &gt;&gt; text=Entrar'.</msg>
<arg>${LOGIN_BUTTON}</arg>
<tag>PageContent</tag>
<tag>Setter</tag>
<doc>Simulates mouse click on the element found by ``selector``.</doc>
<status status="PASS" start="2025-03-19T21:43:58.054399" elapsed="0.059754"/>
</kw>
<arg>administrador</arg>
<arg>qaninja#123</arg>
<status status="PASS" start="2025-03-19T21:43:57.999590" elapsed="0.114760"/>
</kw>
<kw name="Wait For Elements State" owner="Browser">
<msg time="2025-03-19T21:43:58.121473" level="INFO">Waited for Element with selector text=Gestão de Parceiros at state visible</msg>
<arg>text=Gestão de Parceiros</arg>
<arg>visible</arg>
<arg>1</arg>
<tag>PageContent</tag>
<tag>Wait</tag>
<doc>Waits for the element found by ``selector`` to satisfy state option.</doc>
<status status="PASS" start="2025-03-19T21:43:58.114595" elapsed="0.006988"/>
</kw>
<status status="PASS" start="2025-03-19T21:43:57.788785" elapsed="0.332906"/>
</kw>
<kw name="Search partner by name" owner="admin">
<kw name="Log" owner="BuiltIn">
<msg time="2025-03-19T21:43:58.123090" level="INFO">Searching for partner: Super Ravena</msg>
<arg>Searching for partner: ${search_value}</arg>
<doc>Logs the given message with the given level.</doc>
<status status="PASS" start="2025-03-19T21:43:58.122795" elapsed="0.000346"/>
</kw>
<kw name="Clear Text" owner="Browser">
<arg>css=input[name="searchField"]</arg>
<tag>PageContent</tag>
<tag>Setter</tag>
<doc>Clears the text field found by ``selector``.</doc>
<status status="PASS" start="2025-03-19T21:43:58.123276" elapsed="0.011296"/>
</kw>
<kw name="Fill Text" owner="Browser">
<msg time="2025-03-19T21:43:58.135507" level="INFO">Fills the text 'Super Ravena' in the given field.</msg>
<arg>css=input[name="searchField"]</arg>
<arg>${search_value}</arg>
<tag>PageContent</tag>
<tag>Setter</tag>
<doc>Clears and fills the given ``txt`` into the text field found by ``selector``.</doc>
<status status="PASS" start="2025-03-19T21:43:58.134821" elapsed="0.011302"/>
</kw>
<kw name="Click" owner="Browser">
<msg time="2025-03-19T21:43:58.147207" level="INFO">Clicks the element 'text=Buscar'.</msg>
<arg>text=Buscar</arg>
<tag>PageContent</tag>
<tag>Setter</tag>
<doc>Simulates mouse click on the element found by ``selector``.</doc>
<status status="PASS" start="2025-03-19T21:43:58.146431" elapsed="0.042142"/>
</kw>
<kw name="Wait For Elements State" owner="Browser">
<msg time="2025-03-19T21:43:58.197013" level="INFO">Waited for Element with selector text=Super Ravena at state visible</msg>
<arg>text=${search_value}</arg>
<arg>visible</arg>
<arg>5</arg>
<tag>PageContent</tag>
<tag>Wait</tag>
<doc>Waits for the element found by ``selector`` to satisfy state option.</doc>
<status status="PASS" start="2025-03-19T21:43:58.188845" elapsed="0.008389"/>
</kw>
<kw name="Log" owner="BuiltIn">
<msg time="2025-03-19T21:43:58.197811" level="INFO">Partner search completed successfully</msg>
<arg>Partner search completed successfully</arg>
<doc>Logs the given message with the given level.</doc>
<status status="PASS" start="2025-03-19T21:43:58.197500" elapsed="0.000363"/>
</kw>
<arg>${PARTNER_NAME}</arg>
<status status="PASS" start="2025-03-19T21:43:58.122221" elapsed="0.075749"/>
</kw>
<kw name="Take Screenshot" owner="Browser">
<msg time="2025-03-19T21:43:58.308190" level="INFO" html="true">&lt;/td&gt;&lt;/tr&gt;&lt;tr&gt;&lt;td colspan="3"&gt;&lt;a href="browser/screenshot/robotframework-browser-screenshot-4.png" target="_blank"&gt;&lt;img src="browser/screenshot/robotframework-browser-screenshot-4.png" width="800px"/&gt;&lt;/a&gt;</msg>
<tag>PageContent</tag>
<doc>Takes a screenshot of the current window or element and saves it to disk.</doc>
<status status="PASS" start="2025-03-19T21:43:58.198412" elapsed="0.109975"/>
</kw>
<kw name="Click" owner="Browser">
<msg time="2025-03-19T21:43:58.309616" level="INFO">Clicks the element 'text=Sair'.</msg>
<arg>text=Sair</arg>
<tag>PageContent</tag>
<tag>Setter</tag>
<doc>Simulates mouse click on the element found by ``selector``.</doc>
<status status="PASS" start="2025-03-19T21:43:58.308925" elapsed="0.055472"/>
</kw>
<kw name="Take Screenshot" owner="Browser">
<msg time="2025-03-19T21:43:58.472450" level="INFO" html="true">&lt;/td&gt;&lt;/tr&gt;&lt;tr&gt;&lt;td colspan="3"&gt;&lt;a href="browser/screenshot/robotframework-browser-screenshot-5.png" target="_blank"&gt;&lt;img src="browser/screenshot/robotframework-browser-screenshot-5.png" width="800px"/&gt;&lt;/a&gt;</msg>
<tag>PageContent</tag>
<doc>Takes a screenshot of the current window or element and saves it to disk.</doc>
<status status="PASS" start="2025-03-19T21:43:58.365015" elapsed="0.107639"/>
</kw>
<doc>Pesquisa de parceiro por nome</doc>
<tag>admin</tag>
<status status="PASS" start="2025-03-19T21:43:55.097488" elapsed="3.375659"/>
</test>
<test id="s1-s1-t3" name="Should search partner by email" line="30">
<kw name="Start Admin Session" owner="admin">
<kw name="Start session" owner="landing">
<kw name="New Browser" owner="Browser">
<msg time="2025-03-19T21:43:58.541207" level="INFO">Switching browser to browser=9b0516b8-5a5d-41a0-ab60-5d06a2ffd697</msg>
<msg time="2025-03-19T21:43:58.543573" level="INFO">Successfully changed active browser: browser=9b0516b8-5a5d-41a0-ab60-5d06a2ffd697</msg>
<msg time="2025-03-19T21:43:58.543715" level="INFO">Reusing existing browser with id: browser=9b0516b8-5a5d-41a0-ab60-5d06a2ffd697</msg>
<arg>browser=chromium</arg>
<arg>headless=false</arg>
<tag>BrowserControl</tag>
<tag>Setter</tag>
<doc>Create a new playwright Browser with specified options.</doc>
<status status="PASS" start="2025-03-19T21:43:58.540493" elapsed="0.003312"/>
</kw>
<kw name="New Page" owner="Browser">
<msg time="2025-03-19T21:44:00.404030" level="INFO">Successfully initialized new page object and opened url: http://localhost:3000/</msg>
<msg time="2025-03-19T21:44:00.404167" level="INFO">No context was open. New context was automatically opened when this page is created.</msg>
<arg>http://localhost:3000/</arg>
<tag>BrowserControl</tag>
<tag>Setter</tag>
<doc>Open a new Page.</doc>
<status status="PASS" start="2025-03-19T21:43:58.544056" elapsed="1.860472"/>
</kw>
<status status="PASS" start="2025-03-19T21:43:58.540056" elapsed="1.864709"/>
</kw>
<kw name="Click" owner="Browser">
<msg time="2025-03-19T21:44:00.405732" level="INFO">Clicks the element 'css=header a[href="/login"]'.</msg>
<arg>css=header a[href="/login"]</arg>
<tag>PageContent</tag>
<tag>Setter</tag>
<doc>Simulates mouse click on the element found by ``selector``.</doc>
<status status="PASS" start="2025-03-19T21:44:00.405001" elapsed="0.084466"/>
</kw>
<kw name="Submit login form" owner="login">
<kw name="Clear Text" owner="Browser">
<arg>${USERNAME_INPUT}</arg>
<tag>PageContent</tag>
<tag>Setter</tag>
<doc>Clears the text field found by ``selector``.</doc>
<status status="PASS" start="2025-03-19T21:44:00.490410" elapsed="0.015119"/>
</kw>
<kw name="Fill Text" owner="Browser">
<msg time="2025-03-19T21:44:00.506615" level="INFO">Fills the text 'administrador' in the given field.</msg>
<arg>${USERNAME_INPUT}</arg>
<arg>${username}</arg>
<tag>PageContent</tag>
<tag>Setter</tag>
<doc>Clears and fills the given ``txt`` into the text field found by ``selector``.</doc>
<status status="PASS" start="2025-03-19T21:44:00.505822" elapsed="0.014101"/>
</kw>
<kw name="Clear Text" owner="Browser">
<arg>${PASSWORD_INPUT}</arg>
<tag>PageContent</tag>
<tag>Setter</tag>
<doc>Clears the text field found by ``selector``.</doc>
<status status="PASS" start="2025-03-19T21:44:00.520209" elapsed="0.011293"/>
</kw>
<kw name="Fill Text" owner="Browser">
<msg time="2025-03-19T21:44:00.532595" level="INFO">Fills the text 'qaninja#123' in the given field.</msg>
<arg>${PASSWORD_INPUT}</arg>
<arg>${password}</arg>
<tag>PageContent</tag>
<tag>Setter</tag>
<doc>Clears and fills the given ``txt`` into the text field found by ``selector``.</doc>
<status status="PASS" start="2025-03-19T21:44:00.531802" elapsed="0.011828"/>
</kw>
<kw name="Click" owner="Browser">
<msg time="2025-03-19T21:44:00.544817" level="INFO">Clicks the element 'css=button &gt;&gt; text=Entrar'.</msg>
<arg>${LOGIN_BUTTON}</arg>
<tag>PageContent</tag>
<tag>Setter</tag>
<doc>Simulates mouse click on the element found by ``selector``.</doc>
<status status="PASS" start="2025-03-19T21:44:00.543919" elapsed="0.056325"/>
</kw>
<arg>administrador</arg>
<arg>qaninja#123</arg>
<status status="PASS" start="2025-03-19T21:44:00.489827" elapsed="0.110591"/>
</kw>
<kw name="Wait For Elements State" owner="Browser">
<msg time="2025-03-19T21:44:00.607178" level="INFO">Waited for Element with selector text=Gestão de Parceiros at state visible</msg>
<arg>text=Gestão de Parceiros</arg>
<arg>visible</arg>
<arg>1</arg>
<tag>PageContent</tag>
<tag>Wait</tag>
<doc>Waits for the element found by ``selector`` to satisfy state option.</doc>
<status status="PASS" start="2025-03-19T21:44:00.600669" elapsed="0.006631"/>
</kw>
<status status="PASS" start="2025-03-19T21:43:58.539507" elapsed="2.067901"/>
</kw>
<kw name="Fill Text" owner="Browser">
<msg time="2025-03-19T21:44:00.608590" level="INFO">Fills the text 'super_ravena@email.com' in the given field.</msg>
<arg>css=input[name="searchField"]</arg>
<arg>${PARTNER_EMAIL}</arg>
<tag>PageContent</tag>
<tag>Setter</tag>
<doc>Clears and fills the given ``txt`` into the text field found by ``selector``.</doc>
<status status="PASS" start="2025-03-19T21:44:00.607971" elapsed="0.011115"/>
</kw>
<kw name="Click" owner="Browser">
<msg time="2025-03-19T21:44:00.621319" level="INFO">Clicks the element 'text=Buscar'.</msg>
<arg>text=Buscar</arg>
<tag>PageContent</tag>
<tag>Setter</tag>
<doc>Simulates mouse click on the element found by ``selector``.</doc>
<status status="PASS" start="2025-03-19T21:44:00.620031" elapsed="0.057139"/>
</kw>
<kw name="Sleep" owner="BuiltIn">
<arg>1</arg>
<doc>Pauses the test executed for the given time.</doc>
<status status="FAIL" start="2025-03-19T21:44:00.677819" elapsed="0.679587">Execution terminated by signal</status>
</kw>
<kw name="Take Screenshot" owner="Browser">
<tag>PageContent</tag>
<doc>Takes a screenshot of the current window or element and saves it to disk.</doc>
<status status="NOT RUN" start="2025-03-19T21:44:01.358173" elapsed="0.000363"/>
</kw>
<kw name="Click" owner="Browser">
<arg>text=Sair</arg>
<tag>PageContent</tag>
<tag>Setter</tag>
<doc>Simulates mouse click on the element found by ``selector``.</doc>
<status status="NOT RUN" start="2025-03-19T21:44:01.359159" elapsed="0.000238"/>
</kw>
<kw name="Take Screenshot" owner="Browser">
<tag>PageContent</tag>
<doc>Takes a screenshot of the current window or element and saves it to disk.</doc>
<status status="NOT RUN" start="2025-03-19T21:44:01.359936" elapsed="0.000257"/>
</kw>
<doc>Pesquisa de parceiro por email</doc>
<tag>admin</tag>
<status status="FAIL" start="2025-03-19T21:43:58.534938" elapsed="2.825968">Execution terminated by signal</status>
</test>
<test id="s1-s1-t4" name="Should activate partner" line="41">
<doc>Ativação de parceiro</doc>
<tag>admin</tag>
<tag>robot:exit</tag>
<status status="FAIL" start="2025-03-19T21:44:01.394104" elapsed="0.004825">Test execution stopped due to a fatal error.</status>
</test>
<test id="s1-s1-t5" name="Should deactivate partner" line="54">
<doc>Inativar de parceiro</doc>
<tag>admin</tag>
<tag>robot:exit</tag>
<status status="FAIL" start="2025-03-19T21:44:01.413319" elapsed="0.006627">Test execution stopped due to a fatal error.</status>
</test>
<test id="s1-s1-t6" name="Should cancel partner deletion" line="66">
<doc>Desistir de deletar parceiro</doc>
<tag>admin</tag>
<tag>robot:exit</tag>
<status status="FAIL" start="2025-03-19T21:44:01.430677" elapsed="0.003781">Test execution stopped due to a fatal error.</status>
</test>
<test id="s1-s1-t7" name="Should delete partner" line="82">
<doc>Deletar parceiro</doc>
<tag>admin</tag>
<tag>robot:exit</tag>
<status status="FAIL" start="2025-03-19T21:44:01.441400" elapsed="0.003853">Test execution stopped due to a fatal error.</status>
</test>
<doc>Página de administrador</doc>
<status status="FAIL" start="2025-03-19T21:43:38.423676" elapsed="23.029761"/>
</suite>
<suite id="s1-s2" name="Landing" source="C:\workspace\projetos\Robot\buger-eats-partner-ms\tests\web\landing.robot">
<test id="s1-s2-t1" name="Should validate homepage elements" line="10">
<doc>Valida os principais elementos da página inicial</doc>
<tag>robot:exit</tag>
<status status="FAIL" start="2025-03-19T21:44:01.461598" elapsed="0.000585">Test execution stopped due to a fatal error.</status>
</test>
<test id="s1-s2-t2" name="Should navigate to partner registration" line="17">
<doc>Verifica a navegação até a página de cadastro</doc>
<tag>robot:exit</tag>
<status status="FAIL" start="2025-03-19T21:44:01.463397" elapsed="0.000610">Test execution stopped due to a fatal error.</status>
</test>
<test id="s1-s2-t3" name="Should redirect to login page" line="27">
<doc>Testa o redirecionamento para a página de login</doc>
<tag>robot:exit</tag>
<status status="FAIL" start="2025-03-19T21:44:01.465114" elapsed="0.000503">Test execution stopped due to a fatal error.</status>
</test>
<doc>Página inicial</doc>
<status status="FAIL" start="2025-03-19T21:44:01.460722" elapsed="0.006017"/>
</suite>
<suite id="s1-s3" name="Login" source="C:\workspace\projetos\Robot\buger-eats-partner-ms\tests\web\login.robot">
<test id="s1-s3-t1" name="Should login successfully" line="8">
<doc>Valida o login com credenciais corretas</doc>
<tag>login</tag>
<tag>robot:exit</tag>
<status status="FAIL" start="2025-03-19T21:44:01.468620" elapsed="0.000441">Test execution stopped due to a fatal error.</status>
</test>
<test id="s1-s3-t2" name="Should not login with invalid username" line="15">
<doc>Testa o login com um nome de usuário inválido</doc>
<tag>login</tag>
<tag>robot:exit</tag>
<status status="FAIL" start="2025-03-19T21:44:01.470157" elapsed="0.000610">Test execution stopped due to a fatal error.</status>
</test>
<test id="s1-s3-t3" name="Should not login with invalid password" line="23">
<doc>Testa o login com senha incorreta</doc>
<tag>login</tag>
<tag>robot:exit</tag>
<status status="FAIL" start="2025-03-19T21:44:01.471837" elapsed="0.000462">Test execution stopped due to a fatal error.</status>
</test>
<test id="s1-s3-t4" name="Should not login with empty username" line="31">
<doc>Testa o login com campo de nome de usuário vazio</doc>
<tag>login</tag>
<tag>robot:exit</tag>
<status status="FAIL" start="2025-03-19T21:44:01.473413" elapsed="0.000476">Test execution stopped due to a fatal error.</status>
</test>
<test id="s1-s3-t5" name="Should not login with empty password" line="39">
<doc>Testa o login com campo de senha vazio</doc>
<tag>login</tag>
<tag>robot:exit</tag>
<status status="FAIL" start="2025-03-19T21:44:01.475057" elapsed="0.000646">Test execution stopped due to a fatal error.</status>
</test>
<test id="s1-s3-t6" name="Should not login with empty fields" line="47">
<doc>Testa o login com ambos os campos vazios</doc>
<tag>login</tag>
<tag>robot:exit</tag>
<status status="FAIL" start="2025-03-19T21:44:01.476836" elapsed="0.000451">Test execution stopped due to a fatal error.</status>
</test>
<doc>Testes de Login</doc>
<status status="FAIL" start="2025-03-19T21:44:01.467945" elapsed="0.010465"/>
</suite>
<suite id="s1-s4" name="Signup" source="C:\workspace\projetos\Robot\buger-eats-partner-ms\tests\web\signup.robot">
<test id="s1-s4-t1" name="Should create a new partner" line="9">
<doc>Cadastra um parceiro com sucesso</doc>
<tag>robot:exit</tag>
<tag>signup</tag>
<status status="FAIL" start="2025-03-19T21:44:01.480770" elapsed="0.000457">Test execution stopped due to a fatal error.</status>
</test>
<test id="s1-s4-t2" name="Should not allow duplicate partner" line="25">
<doc>Não permitir cadastrar parceiro já cadastrado</doc>
<tag>robot:exit</tag>
<tag>signup</tag>
<status status="FAIL" start="2025-03-19T21:44:01.482271" elapsed="0.000449">Test execution stopped due to a fatal error.</status>
</test>
<test id="s1-s4-t3" name="Should not allow invalid email" line="40">
<doc>Não permitir cadastrar parceiro com parceiro com email inválido</doc>
<tag>robot:exit</tag>
<tag>signup</tag>
<status status="FAIL" start="2025-03-19T21:44:01.483814" elapsed="0.000478">Test execution stopped due to a fatal error.</status>
</test>
<test id="s1-s4-t4" name="Should not allow invalid phone number" line="53">
<doc>Não permitir cadastrar parceiro com número inválido</doc>
<tag>robot:exit</tag>
<tag>signup</tag>
<status status="FAIL" start="2025-03-19T21:44:01.485404" elapsed="0.000611">Test execution stopped due to a fatal error.</status>
</test>
<test id="s1-s4-t5" name="Should not allow empty fields" line="66">
<doc>Não permitir cadastrar parceiro sem preenchimento</doc>
<tag>robot:exit</tag>
<tag>signup</tag>
<status status="FAIL" start="2025-03-19T21:44:01.487183" elapsed="0.000588">Test execution stopped due to a fatal error.</status>
</test>
<test id="s1-s4-t6" name="Should delete a partner" line="77">
<doc>Deletar parceiro</doc>
<tag>admin</tag>
<tag>robot:exit</tag>
<status status="FAIL" start="2025-03-19T21:44:01.488869" elapsed="0.000482">Test execution stopped due to a fatal error.</status>
</test>
<doc>Página de cadastro de parceiro</doc>
<status status="FAIL" start="2025-03-19T21:44:01.479822" elapsed="0.010654"/>
</suite>
<status status="FAIL" start="2025-03-19T21:43:38.380117" elapsed="23.112035"/>
</suite>
<statistics>
<total>
<stat pass="2" fail="20" skip="0">All Tests</stat>
</total>
<tag>
<stat pass="2" fail="1" skip="0" info="combined" combined="NOT robot:exit">NOT robot:exit</stat>
<stat pass="2" fail="6" skip="0">admin</stat>
<stat pass="0" fail="6" skip="0">login</stat>
<stat pass="0" fail="5" skip="0">signup</stat>
</tag>
<suite>
<stat pass="2" fail="20" skip="0" id="s1" name="Web">Web</stat>
<stat pass="2" fail="5" skip="0" id="s1-s1" name="Admin">Web.Admin</stat>
<stat pass="0" fail="3" skip="0" id="s1-s2" name="Landing">Web.Landing</stat>
<stat pass="0" fail="6" skip="0" id="s1-s3" name="Login">Web.Login</stat>
<stat pass="0" fail="6" skip="0" id="s1-s4" name="Signup">Web.Signup</stat>
</suite>
</statistics>
<errors>
</errors>
</robot>
