<?xml version="1.0" encoding="UTF-8"?>
<robot generator="Robot 7.0.1 (Python 3.13.1 on win32)" generated="2025-03-19T22:16:10.622272" rpa="false" schemaversion="5">
<suite id="s1" name="Web" source="C:\workspace\projetos\Robot\buger-eats-partner-ms\tests\web">
<suite id="s1-s1" name="Admin" source="C:\workspace\projetos\Robot\buger-eats-partner-ms\tests\web\admin.robot">
<kw name="Set Browser Timeout" owner="Browser" type="SETUP">
<msg time="2025-03-19T22:16:16.455999" level="INFO">Starting Browser process C:\Python313\Lib\site-packages\Browser\wrapper\index.js using port 52282</msg>
<msg time="2025-03-19T22:16:16.456174" level="INFO">Node startup parameters: ['node', 'C:\\Python313\\Lib\\site-packages\\Browser\\wrapper\\index.js', '52282']</msg>
<arg>60s</arg>
<tag>Config</tag>
<tag>Setter</tag>
<doc>Sets the timeout used by most input and getter keywords.</doc>
<status status="PASS" start="2025-03-19T22:16:16.414004" elapsed="1.130507"/>
</kw>
<test id="s1-s1-t1" name="Should validate required admin fields" line="8">
<kw name="Start Admin Session" owner="admin">
<kw name="Start session" owner="landing">
<kw name="New Browser" owner="Browser">
<msg time="2025-03-19T22:16:17.551586" level="INFO">{"browser": "chromium", "headless": false, "chromiumSandbox": false, "devtools": false, "handleSIGHUP": true, "handleSIGINT": true, "handleSIGTERM": true, "slowMo": 0.0, "timeout": 30000.0, "tracesDir": "C:\\workspace\\projetos\\Robot\\buger-eats-partner-ms\\logs\\browser\\traces\\temp\\4b2743aa-440a-45ee-91ee-33718f294fad"}</msg>
<msg time="2025-03-19T22:16:17.823822" level="INFO">Successfully created browser with options: {"browser":"chromium","headless":false,"chromiumSandbox":false,"devtools":false,"handleSIGHUP":true,"handleSIGINT":true,"handleSIGTERM":true,"slowMo":0,"timeout":30000,"tracesDir":"C:\\workspace\\projetos\\Robot\\buger-eats-partner-ms\\logs\\browser\\traces\\temp\\4b2743aa-440a-45ee-91ee-33718f294fad"}</msg>
<arg>browser=chromium</arg>
<arg>headless=false</arg>
<tag>BrowserControl</tag>
<tag>Setter</tag>
<doc>Create a new playwright Browser with specified options.</doc>
<status status="PASS" start="2025-03-19T22:16:17.550687" elapsed="0.273368"/>
</kw>
<kw name="New Page" owner="Browser">
<msg time="2025-03-19T22:16:19.611133" level="INFO">Successfully initialized new page object and opened url: http://localhost:3000/</msg>
<msg time="2025-03-19T22:16:19.611236" level="INFO">No context was open. New context was automatically opened when this page is created.</msg>
<arg>http://localhost:3000/</arg>
<tag>BrowserControl</tag>
<tag>Setter</tag>
<doc>Open a new Page.</doc>
<status status="PASS" start="2025-03-19T22:16:17.824348" elapsed="1.787156"/>
</kw>
<status status="PASS" start="2025-03-19T22:16:17.550265" elapsed="2.061434"/>
</kw>
<kw name="Click" owner="Browser">
<msg time="2025-03-19T22:16:19.612861" level="INFO">Clicks the element 'css=header a[href="/login"]'.</msg>
<arg>css=header a[href="/login"]</arg>
<tag>PageContent</tag>
<tag>Setter</tag>
<doc>Simulates mouse click on the element found by ``selector``.</doc>
<status status="PASS" start="2025-03-19T22:16:19.611979" elapsed="0.077378"/>
</kw>
<kw name="Submit login form" owner="login">
<kw name="Clear Text" owner="Browser">
<arg>${USERNAME_INPUT}</arg>
<tag>PageContent</tag>
<tag>Setter</tag>
<doc>Clears the text field found by ``selector``.</doc>
<status status="PASS" start="2025-03-19T22:16:19.690322" elapsed="0.019095"/>
</kw>
<kw name="Fill Text" owner="Browser">
<msg time="2025-03-19T22:16:19.710638" level="INFO">Fills the text 'administrador' in the given field.</msg>
<arg>${USERNAME_INPUT}</arg>
<arg>${username}</arg>
<tag>PageContent</tag>
<tag>Setter</tag>
<doc>Clears and fills the given ``txt`` into the text field found by ``selector``.</doc>
<status status="PASS" start="2025-03-19T22:16:19.709738" elapsed="0.015402"/>
</kw>
<kw name="Clear Text" owner="Browser">
<arg>${PASSWORD_INPUT}</arg>
<tag>PageContent</tag>
<tag>Setter</tag>
<doc>Clears the text field found by ``selector``.</doc>
<status status="PASS" start="2025-03-19T22:16:19.725546" elapsed="0.014168"/>
</kw>
<kw name="Fill Text" owner="Browser">
<msg time="2025-03-19T22:16:19.740824" level="INFO">Fills the text 'qaninja#123' in the given field.</msg>
<arg>${PASSWORD_INPUT}</arg>
<arg>${password}</arg>
<tag>PageContent</tag>
<tag>Setter</tag>
<doc>Clears and fills the given ``txt`` into the text field found by ``selector``.</doc>
<status status="PASS" start="2025-03-19T22:16:19.739981" elapsed="0.014089"/>
</kw>
<kw name="Click" owner="Browser">
<msg time="2025-03-19T22:16:19.755007" level="INFO">Clicks the element 'css=button &gt;&gt; text=Entrar'.</msg>
<arg>${LOGIN_BUTTON}</arg>
<tag>PageContent</tag>
<tag>Setter</tag>
<doc>Simulates mouse click on the element found by ``selector``.</doc>
<status status="PASS" start="2025-03-19T22:16:19.754317" elapsed="0.061515"/>
</kw>
<arg>administrador</arg>
<arg>qaninja#123</arg>
<status status="PASS" start="2025-03-19T22:16:19.689718" elapsed="0.126289"/>
</kw>
<kw name="Wait For Elements State" owner="Browser">
<msg time="2025-03-19T22:16:19.825258" level="INFO">Waited for Element with selector text=Gestão de Parceiros at state visible</msg>
<arg>text=Gestão de Parceiros</arg>
<arg>visible</arg>
<arg>10</arg>
<tag>PageContent</tag>
<tag>Wait</tag>
<doc>Waits for the element found by ``selector`` to satisfy state option.</doc>
<status status="PASS" start="2025-03-19T22:16:19.816239" elapsed="0.009191"/>
</kw>
<status status="PASS" start="2025-03-19T22:16:17.549698" elapsed="2.275866"/>
</kw>
<kw name="Validar Visibilidade dos Elementos" owner="admin">
<kw name="Wait For Elements State" owner="Browser">
<msg time="2025-03-19T22:16:19.835163" level="INFO">Waited for Element with selector img[alt="Buger Eats"] at state visible</msg>
<arg>img[alt="Buger Eats"]</arg>
<arg>visible</arg>
<arg>10</arg>
<tag>PageContent</tag>
<tag>Wait</tag>
<doc>Waits for the element found by ``selector`` to satisfy state option.</doc>
<status status="PASS" start="2025-03-19T22:16:19.826819" elapsed="0.008493"/>
</kw>
<kw name="Wait For Elements State" owner="Browser">
<msg time="2025-03-19T22:16:19.841786" level="INFO">Waited for Element with selector text=Gestão de Parceiros at state visible</msg>
<arg>text=Gestão de Parceiros</arg>
<arg>visible</arg>
<arg>10</arg>
<tag>PageContent</tag>
<tag>Wait</tag>
<doc>Waits for the element found by ``selector`` to satisfy state option.</doc>
<status status="PASS" start="2025-03-19T22:16:19.835538" elapsed="0.006360"/>
</kw>
<kw name="Wait For Elements State" owner="Browser">
<msg time="2025-03-19T22:16:19.851135" level="INFO">Waited for Element with selector css=input[placeholder="Busque por nome ou email..."] at state visible</msg>
<arg>css=input[placeholder="Busque por nome ou email..."]</arg>
<arg>visible</arg>
<arg>10</arg>
<tag>PageContent</tag>
<tag>Wait</tag>
<doc>Waits for the element found by ``selector`` to satisfy state option.</doc>
<status status="PASS" start="2025-03-19T22:16:19.842059" elapsed="0.009252"/>
</kw>
<kw name="Wait For Elements State" owner="Browser">
<msg time="2025-03-19T22:16:19.857557" level="INFO">Waited for Element with selector text=Buscar at state visible</msg>
<arg>text=Buscar</arg>
<arg>visible</arg>
<arg>10</arg>
<tag>PageContent</tag>
<tag>Wait</tag>
<doc>Waits for the element found by ``selector`` to satisfy state option.</doc>
<status status="PASS" start="2025-03-19T22:16:19.851555" elapsed="0.006115"/>
</kw>
<kw name="Wait For Elements State" owner="Browser">
<msg time="2025-03-19T22:16:19.897907" level="INFO">Waited for Element with selector text=Status at state visible</msg>
<arg>text=Status</arg>
<arg>visible</arg>
<arg>10</arg>
<tag>PageContent</tag>
<tag>Wait</tag>
<doc>Waits for the element found by ``selector`` to satisfy state option.</doc>
<status status="PASS" start="2025-03-19T22:16:19.857845" elapsed="0.040262"/>
</kw>
<kw name="Wait For Elements State" owner="Browser">
<msg time="2025-03-19T22:16:19.904838" level="INFO">Waited for Element with selector text=Nome at state visible</msg>
<arg>text=Nome</arg>
<arg>visible</arg>
<arg>10</arg>
<tag>PageContent</tag>
<tag>Wait</tag>
<doc>Waits for the element found by ``selector`` to satisfy state option.</doc>
<status status="PASS" start="2025-03-19T22:16:19.898350" elapsed="0.006796"/>
</kw>
<kw name="Wait For Elements State" owner="Browser">
<msg time="2025-03-19T22:16:19.910956" level="INFO">Waited for Element with selector xpath=//th[normalize-space(text())="Email"] at state visible</msg>
<arg>xpath=//th[normalize-space(text())="Email"]</arg>
<arg>visible</arg>
<arg>5</arg>
<tag>PageContent</tag>
<tag>Wait</tag>
<doc>Waits for the element found by ``selector`` to satisfy state option.</doc>
<status status="PASS" start="2025-03-19T22:16:19.905312" elapsed="0.005746"/>
</kw>
<kw name="Wait For Elements State" owner="Browser">
<msg time="2025-03-19T22:16:19.916782" level="INFO">Waited for Element with selector text=Whatsapp at state visible</msg>
<arg>text=Whatsapp</arg>
<arg>visible</arg>
<arg>10</arg>
<tag>PageContent</tag>
<tag>Wait</tag>
<doc>Waits for the element found by ``selector`` to satisfy state option.</doc>
<status status="PASS" start="2025-03-19T22:16:19.911223" elapsed="0.005657"/>
</kw>
<kw name="Wait For Elements State" owner="Browser">
<msg time="2025-03-19T22:16:19.922460" level="INFO">Waited for Element with selector xpath=//th[normalize-space(text())="Negócio"] at state visible</msg>
<arg>xpath=//th[normalize-space(text())="Negócio"]</arg>
<arg>visible</arg>
<arg>5</arg>
<tag>PageContent</tag>
<tag>Wait</tag>
<doc>Waits for the element found by ``selector`` to satisfy state option.</doc>
<status status="PASS" start="2025-03-19T22:16:19.917052" elapsed="0.005527"/>
</kw>
<status status="PASS" start="2025-03-19T22:16:19.826214" elapsed="0.096471"/>
</kw>
<kw name="Get Text" owner="Browser">
<msg time="2025-03-19T22:16:19.949418" level="INFO">Text: 'Gestão de Parceiros'</msg>
<arg>text=Gestão de Parceiros</arg>
<arg>==</arg>
<arg>Gestão de Parceiros</arg>
<tag>Assertion</tag>
<tag>Getter</tag>
<tag>PageContent</tag>
<doc>Returns text attribute of the element found by ``selector``.</doc>
<status status="PASS" start="2025-03-19T22:16:19.923163" elapsed="0.026385"/>
</kw>
<kw name="Validate Input Placeholder" owner="admin">
<kw name="Get Attribute" owner="Browser">
<msg time="2025-03-19T22:16:19.962863" level="INFO">Attribute is: 'Busque por nome ou email...'</msg>
<msg time="2025-03-19T22:16:19.963059" level="INFO">${placeholder} = Busque por nome ou email...</msg>
<var>${placeholder}</var>
<arg>${selector}</arg>
<arg>placeholder</arg>
<tag>Assertion</tag>
<tag>Getter</tag>
<tag>PageContent</tag>
<doc>Returns the HTML ``attribute`` of the element found by ``selector``.</doc>
<status status="PASS" start="2025-03-19T22:16:19.950753" elapsed="0.012344"/>
</kw>
<kw name="Should Be Equal" owner="BuiltIn">
<arg>${placeholder}</arg>
<arg>${expected_placeholder}</arg>
<doc>Fails if the given objects are unequal.</doc>
<status status="PASS" start="2025-03-19T22:16:19.963366" elapsed="0.000534"/>
</kw>
<arg>css=input[placeholder="Busque por nome ou email..."]</arg>
<arg>Busque por nome ou email...</arg>
<status status="PASS" start="2025-03-19T22:16:19.950168" elapsed="0.013844"/>
</kw>
<kw name="Wait For Elements State" owner="Browser">
<msg time="2025-03-19T22:16:19.979065" level="INFO">Waited for Element with selector css=tr:first-child button.button-primary at state enabled</msg>
<arg>css=tr:first-child button.button-primary</arg>
<arg>enabled</arg>
<arg>10</arg>
<tag>PageContent</tag>
<tag>Wait</tag>
<doc>Waits for the element found by ``selector`` to satisfy state option.</doc>
<status status="PASS" start="2025-03-19T22:16:19.964585" elapsed="0.014750"/>
</kw>
<kw name="Wait For Elements State" owner="Browser">
<msg time="2025-03-19T22:16:19.986207" level="INFO">Waited for Element with selector xpath=(//button[@class="button button-danger"])[1] at state visible</msg>
<arg>xpath=(//button[@class="button button-danger"])[1]</arg>
<tag>PageContent</tag>
<tag>Wait</tag>
<doc>Waits for the element found by ``selector`` to satisfy state option.</doc>
<status status="PASS" start="2025-03-19T22:16:19.979887" elapsed="0.006474"/>
</kw>
<kw name="Take Screenshot" owner="Browser">
<msg time="2025-03-19T22:16:20.114165" level="INFO" html="true">&lt;/td&gt;&lt;/tr&gt;&lt;tr&gt;&lt;td colspan="3"&gt;&lt;a href="browser/screenshot/robotframework-browser-screenshot-1.png" target="_blank"&gt;&lt;img src="browser/screenshot/robotframework-browser-screenshot-1.png" width="800px"/&gt;&lt;/a&gt;</msg>
<tag>PageContent</tag>
<doc>Takes a screenshot of the current window or element and saves it to disk.</doc>
<status status="PASS" start="2025-03-19T22:16:19.986839" elapsed="0.127523"/>
</kw>
<doc>Validar campos obrigatórios</doc>
<tag>admin</tag>
<status status="PASS" start="2025-03-19T22:16:17.545276" elapsed="2.569616"/>
</test>
<test id="s1-s1-t2" name="Should search partner by name" line="21">
<kw name="Cadastro de parceiro com sucesso" owner="admin">
<kw name="Go to form page" owner="signup">
<kw name="New Browser" owner="Browser">
<msg time="2025-03-19T22:16:20.180690" level="INFO">Switching browser to browser=31f01549-546b-4d21-bce0-3e1b0185772c</msg>
<msg time="2025-03-19T22:16:20.183655" level="INFO">Successfully changed active browser: browser=31f01549-546b-4d21-bce0-3e1b0185772c</msg>
<msg time="2025-03-19T22:16:20.183787" level="INFO">Reusing existing browser with id: browser=31f01549-546b-4d21-bce0-3e1b0185772c</msg>
<arg>browser=chromium</arg>
<arg>headless=false</arg>
<tag>BrowserControl</tag>
<tag>Setter</tag>
<doc>Create a new playwright Browser with specified options.</doc>
<status status="PASS" start="2025-03-19T22:16:20.179886" elapsed="0.003979"/>
</kw>
<kw name="New Page" owner="Browser">
<msg time="2025-03-19T22:16:21.934743" level="INFO">Successfully initialized new page object and opened url: http://localhost:3000/partner</msg>
<msg time="2025-03-19T22:16:21.934839" level="INFO">No context was open. New context was automatically opened when this page is created.</msg>
<arg>http://localhost:3000/partner</arg>
<tag>BrowserControl</tag>
<tag>Setter</tag>
<doc>Open a new Page.</doc>
<status status="PASS" start="2025-03-19T22:16:20.184116" elapsed="1.750929"/>
</kw>
<kw name="Set Strict Mode" owner="Browser">
<arg>on</arg>
<tag>BrowserControl</tag>
<tag>Setter</tag>
<doc>Controls library strict mode.</doc>
<status status="PASS" start="2025-03-19T22:16:21.935347" elapsed="0.000897"/>
</kw>
<kw name="Set Browser Timeout" owner="Browser">
<msg time="2025-03-19T22:16:21.940503" level="INFO">Set timeout to: 30000</msg>
<arg>30s</arg>
<tag>Config</tag>
<tag>Setter</tag>
<doc>Sets the timeout used by most input and getter keywords.</doc>
<status status="PASS" start="2025-03-19T22:16:21.936426" elapsed="0.004258"/>
</kw>
<status status="PASS" start="2025-03-19T22:16:20.179438" elapsed="1.761401"/>
</kw>
<kw name="Submit partner form" owner="signup">
<kw name="Clear Text" owner="Browser">
<arg>${NAME_INPUT}</arg>
<tag>PageContent</tag>
<tag>Setter</tag>
<doc>Clears the text field found by ``selector``.</doc>
<status status="PASS" start="2025-03-19T22:16:21.941889" elapsed="0.035526"/>
</kw>
<kw name="Fill Text" owner="Browser">
<msg time="2025-03-19T22:16:21.978493" level="INFO">Fills the text 'Super Ravena' in the given field.</msg>
<arg>${NAME_INPUT}</arg>
<arg>${name}</arg>
<tag>PageContent</tag>
<tag>Setter</tag>
<doc>Clears and fills the given ``txt`` into the text field found by ``selector``.</doc>
<status status="PASS" start="2025-03-19T22:16:21.977689" elapsed="0.013332"/>
</kw>
<kw name="Fill Text" owner="Browser">
<msg time="2025-03-19T22:16:21.992025" level="INFO">Fills the text 'super_ravena@email.com' in the given field.</msg>
<arg>${EMAIL_INPUT}</arg>
<arg>${email}</arg>
<tag>PageContent</tag>
<tag>Setter</tag>
<doc>Clears and fills the given ``txt`` into the text field found by ``selector``.</doc>
<status status="PASS" start="2025-03-19T22:16:21.991327" elapsed="0.013874"/>
</kw>
<kw name="Fill Text" owner="Browser">
<msg time="2025-03-19T22:16:22.006367" level="INFO">Fills the text '11999999999' in the given field.</msg>
<arg>${WHATSAPP_INPUT}</arg>
<arg>${whatsapp}</arg>
<tag>PageContent</tag>
<tag>Setter</tag>
<doc>Clears and fills the given ``txt`` into the text field found by ``selector``.</doc>
<status status="PASS" start="2025-03-19T22:16:22.005610" elapsed="0.013915"/>
</kw>
<kw name="Click" owner="Browser">
<msg time="2025-03-19T22:16:22.020529" level="INFO">Clicks the element 'css=img[alt="Restaurante"]'.</msg>
<arg>css=img[alt="${business_type}"]</arg>
<tag>PageContent</tag>
<tag>Setter</tag>
<doc>Simulates mouse click on the element found by ``selector``.</doc>
<status status="PASS" start="2025-03-19T22:16:22.019798" elapsed="0.037168"/>
</kw>
<kw name="Wait For Elements State" owner="Browser">
<msg time="2025-03-19T22:16:22.064725" level="INFO">Waited for Element with selector css=button &gt;&gt; text=Cadastre-se at state visible</msg>
<arg>${REGISTER_BUTTON}</arg>
<arg>visible</arg>
<arg>10</arg>
<tag>PageContent</tag>
<tag>Wait</tag>
<doc>Waits for the element found by ``selector`` to satisfy state option.</doc>
<status status="PASS" start="2025-03-19T22:16:22.057238" elapsed="0.007668"/>
</kw>
<kw name="Click" owner="Browser">
<msg time="2025-03-19T22:16:22.065870" level="INFO">Clicks the element 'css=button &gt;&gt; text=Cadastre-se'.</msg>
<arg>${REGISTER_BUTTON}</arg>
<tag>PageContent</tag>
<tag>Setter</tag>
<doc>Simulates mouse click on the element found by ``selector``.</doc>
<status status="PASS" start="2025-03-19T22:16:22.065142" elapsed="0.045339"/>
</kw>
<kw name="Take Screenshot" owner="Browser">
<msg time="2025-03-19T22:16:22.228120" level="INFO" html="true">&lt;/td&gt;&lt;/tr&gt;&lt;tr&gt;&lt;td colspan="3"&gt;&lt;a href="browser/screenshot/robotframework-browser-screenshot-2.png" target="_blank"&gt;&lt;img src="browser/screenshot/robotframework-browser-screenshot-2.png" width="800px"/&gt;&lt;/a&gt;</msg>
<tag>PageContent</tag>
<doc>Takes a screenshot of the current window or element and saves it to disk.</doc>
<status status="PASS" start="2025-03-19T22:16:22.110763" elapsed="0.117562"/>
</kw>
<arg>${PARTNER_NAME}</arg>
<arg>${PARTNER_EMAIL}</arg>
<arg>${PARTNER_WHATSAPP}</arg>
<arg>${PARTNER_BUSINESS}</arg>
<status status="PASS" start="2025-03-19T22:16:21.941168" elapsed="0.287290"/>
</kw>
<kw name="Wait For Elements State" owner="Browser">
<msg time="2025-03-19T22:16:22.237839" level="INFO">Waited for Element with selector text=Bons negócios :) at state visible</msg>
<arg>text=Bons negócios :)</arg>
<arg>visible</arg>
<arg>10</arg>
<tag>PageContent</tag>
<tag>Wait</tag>
<doc>Waits for the element found by ``selector`` to satisfy state option.</doc>
<status status="PASS" start="2025-03-19T22:16:22.228786" elapsed="0.009283"/>
</kw>
<kw name="Wait For Elements State" owner="Browser">
<msg time="2025-03-19T22:16:22.245533" level="INFO">Waited for Element with selector text=Enviamos um email de confirmação para: super_ravena@email.com at state visible</msg>
<arg>text=Enviamos um email de confirmação para: ${PARTNER_EMAIL}</arg>
<arg>visible</arg>
<arg>10</arg>
<tag>PageContent</tag>
<tag>Wait</tag>
<doc>Waits for the element found by ``selector`` to satisfy state option.</doc>
<status status="PASS" start="2025-03-19T22:16:22.238356" elapsed="0.007372"/>
</kw>
<kw name="Click" owner="Browser">
<msg time="2025-03-19T22:16:22.246767" level="INFO">Clicks the element 'css=button &gt;&gt; text=Fechar'.</msg>
<arg>${CLOSE_BUTTON}</arg>
<tag>PageContent</tag>
<tag>Setter</tag>
<doc>Simulates mouse click on the element found by ``selector``.</doc>
<status status="PASS" start="2025-03-19T22:16:22.246005" elapsed="0.427431"/>
</kw>
<kw name="Take Screenshot" owner="Browser">
<msg time="2025-03-19T22:16:22.860384" level="INFO" html="true">&lt;/td&gt;&lt;/tr&gt;&lt;tr&gt;&lt;td colspan="3"&gt;&lt;a href="browser/screenshot/robotframework-browser-screenshot-3.png" target="_blank"&gt;&lt;img src="browser/screenshot/robotframework-browser-screenshot-3.png" width="800px"/&gt;&lt;/a&gt;</msg>
<tag>PageContent</tag>
<doc>Takes a screenshot of the current window or element and saves it to disk.</doc>
<status status="PASS" start="2025-03-19T22:16:22.673742" elapsed="0.186889"/>
</kw>
<status status="PASS" start="2025-03-19T22:16:20.178822" elapsed="2.681969"/>
</kw>
<kw name="Start Admin Session" owner="admin">
<kw name="Start session" owner="landing">
<kw name="New Browser" owner="Browser">
<msg time="2025-03-19T22:16:22.863046" level="INFO">Switching browser to browser=31f01549-546b-4d21-bce0-3e1b0185772c</msg>
<msg time="2025-03-19T22:16:22.866125" level="INFO">Successfully changed active browser: browser=31f01549-546b-4d21-bce0-3e1b0185772c</msg>
<msg time="2025-03-19T22:16:22.866244" level="INFO">Reusing existing browser with id: browser=31f01549-546b-4d21-bce0-3e1b0185772c</msg>
<arg>browser=chromium</arg>
<arg>headless=false</arg>
<tag>BrowserControl</tag>
<tag>Setter</tag>
<doc>Create a new playwright Browser with specified options.</doc>
<status status="PASS" start="2025-03-19T22:16:22.862288" elapsed="0.004038"/>
</kw>
<kw name="New Page" owner="Browser">
<msg time="2025-03-19T22:16:22.992565" level="INFO">Successfully initialized new page object and opened url: http://localhost:3000/</msg>
<arg>http://localhost:3000/</arg>
<tag>BrowserControl</tag>
<tag>Setter</tag>
<doc>Open a new Page.</doc>
<status status="PASS" start="2025-03-19T22:16:22.866560" elapsed="0.126250"/>
</kw>
<status status="PASS" start="2025-03-19T22:16:22.861880" elapsed="0.131079"/>
</kw>
<kw name="Click" owner="Browser">
<msg time="2025-03-19T22:16:22.993935" level="INFO">Clicks the element 'css=header a[href="/login"]'.</msg>
<arg>css=header a[href="/login"]</arg>
<tag>PageContent</tag>
<tag>Setter</tag>
<doc>Simulates mouse click on the element found by ``selector``.</doc>
<status status="PASS" start="2025-03-19T22:16:22.993159" elapsed="0.077487"/>
</kw>
<kw name="Submit login form" owner="login">
<kw name="Clear Text" owner="Browser">
<arg>${USERNAME_INPUT}</arg>
<tag>PageContent</tag>
<tag>Setter</tag>
<doc>Clears the text field found by ``selector``.</doc>
<status status="PASS" start="2025-03-19T22:16:23.071548" elapsed="0.015912"/>
</kw>
<kw name="Fill Text" owner="Browser">
<msg time="2025-03-19T22:16:23.088576" level="INFO">Fills the text 'administrador' in the given field.</msg>
<arg>${USERNAME_INPUT}</arg>
<arg>${username}</arg>
<tag>PageContent</tag>
<tag>Setter</tag>
<doc>Clears and fills the given ``txt`` into the text field found by ``selector``.</doc>
<status status="PASS" start="2025-03-19T22:16:23.087722" elapsed="0.013591"/>
</kw>
<kw name="Clear Text" owner="Browser">
<arg>${PASSWORD_INPUT}</arg>
<tag>PageContent</tag>
<tag>Setter</tag>
<doc>Clears the text field found by ``selector``.</doc>
<status status="PASS" start="2025-03-19T22:16:23.101777" elapsed="0.011999"/>
</kw>
<kw name="Fill Text" owner="Browser">
<msg time="2025-03-19T22:16:23.115164" level="INFO">Fills the text 'qaninja#123' in the given field.</msg>
<arg>${PASSWORD_INPUT}</arg>
<arg>${password}</arg>
<tag>PageContent</tag>
<tag>Setter</tag>
<doc>Clears and fills the given ``txt`` into the text field found by ``selector``.</doc>
<status status="PASS" start="2025-03-19T22:16:23.114044" elapsed="0.011052"/>
</kw>
<kw name="Click" owner="Browser">
<msg time="2025-03-19T22:16:23.125934" level="INFO">Clicks the element 'css=button &gt;&gt; text=Entrar'.</msg>
<arg>${LOGIN_BUTTON}</arg>
<tag>PageContent</tag>
<tag>Setter</tag>
<doc>Simulates mouse click on the element found by ``selector``.</doc>
<status status="PASS" start="2025-03-19T22:16:23.125316" elapsed="0.060772"/>
</kw>
<arg>administrador</arg>
<arg>qaninja#123</arg>
<status status="PASS" start="2025-03-19T22:16:23.071008" elapsed="0.115244"/>
</kw>
<kw name="Wait For Elements State" owner="Browser">
<msg time="2025-03-19T22:16:23.193117" level="INFO">Waited for Element with selector text=Gestão de Parceiros at state visible</msg>
<arg>text=Gestão de Parceiros</arg>
<arg>visible</arg>
<arg>10</arg>
<tag>PageContent</tag>
<tag>Wait</tag>
<doc>Waits for the element found by ``selector`` to satisfy state option.</doc>
<status status="PASS" start="2025-03-19T22:16:23.186458" elapsed="0.006831"/>
</kw>
<status status="PASS" start="2025-03-19T22:16:22.861386" elapsed="0.332014"/>
</kw>
<kw name="Search partner by name" owner="admin">
<kw name="Log" owner="BuiltIn">
<msg time="2025-03-19T22:16:23.194698" level="INFO">Searching for partner: Super Ravena</msg>
<arg>Searching for partner: ${search_value}</arg>
<doc>Logs the given message with the given level.</doc>
<status status="PASS" start="2025-03-19T22:16:23.194410" elapsed="0.000341"/>
</kw>
<kw name="Clear Text" owner="Browser">
<arg>css=input[name="searchField"]</arg>
<tag>PageContent</tag>
<tag>Setter</tag>
<doc>Clears the text field found by ``selector``.</doc>
<status status="PASS" start="2025-03-19T22:16:23.194889" elapsed="0.010592"/>
</kw>
<kw name="Fill Text" owner="Browser">
<msg time="2025-03-19T22:16:23.206439" level="INFO">Fills the text 'Super Ravena' in the given field.</msg>
<arg>css=input[name="searchField"]</arg>
<arg>${search_value}</arg>
<tag>PageContent</tag>
<tag>Setter</tag>
<doc>Clears and fills the given ``txt`` into the text field found by ``selector``.</doc>
<status status="PASS" start="2025-03-19T22:16:23.205772" elapsed="0.011487"/>
</kw>
<kw name="Click" owner="Browser">
<msg time="2025-03-19T22:16:23.218311" level="INFO">Clicks the element 'text=Buscar'.</msg>
<arg>text=Buscar</arg>
<tag>PageContent</tag>
<tag>Setter</tag>
<doc>Simulates mouse click on the element found by ``selector``.</doc>
<status status="PASS" start="2025-03-19T22:16:23.217542" elapsed="0.046051"/>
</kw>
<kw name="Wait For Elements State" owner="Browser">
<msg time="2025-03-19T22:16:23.274629" level="INFO">Waited for Element with selector text=Super Ravena at state visible</msg>
<arg>text=${search_value}</arg>
<arg>visible</arg>
<arg>10</arg>
<tag>PageContent</tag>
<tag>Wait</tag>
<doc>Waits for the element found by ``selector`` to satisfy state option.</doc>
<status status="PASS" start="2025-03-19T22:16:23.264046" elapsed="0.010808"/>
</kw>
<kw name="Log" owner="BuiltIn">
<msg time="2025-03-19T22:16:23.275560" level="INFO">Partner search completed successfully</msg>
<arg>Partner search completed successfully</arg>
<doc>Logs the given message with the given level.</doc>
<status status="PASS" start="2025-03-19T22:16:23.275143" elapsed="0.000476"/>
</kw>
<arg>${PARTNER_NAME}</arg>
<status status="PASS" start="2025-03-19T22:16:23.193911" elapsed="0.081811"/>
</kw>
<kw name="Take Screenshot" owner="Browser">
<msg time="2025-03-19T22:16:23.397153" level="INFO" html="true">&lt;/td&gt;&lt;/tr&gt;&lt;tr&gt;&lt;td colspan="3"&gt;&lt;a href="browser/screenshot/robotframework-browser-screenshot-4.png" target="_blank"&gt;&lt;img src="browser/screenshot/robotframework-browser-screenshot-4.png" width="800px"/&gt;&lt;/a&gt;</msg>
<tag>PageContent</tag>
<doc>Takes a screenshot of the current window or element and saves it to disk.</doc>
<status status="PASS" start="2025-03-19T22:16:23.276237" elapsed="0.121145"/>
</kw>
<kw name="Click" owner="Browser">
<msg time="2025-03-19T22:16:23.398751" level="INFO">Clicks the element 'text=Sair'.</msg>
<arg>text=Sair</arg>
<tag>PageContent</tag>
<tag>Setter</tag>
<doc>Simulates mouse click on the element found by ``selector``.</doc>
<status status="PASS" start="2025-03-19T22:16:23.397961" elapsed="0.054304"/>
</kw>
<kw name="Take Screenshot" owner="Browser">
<msg time="2025-03-19T22:16:23.570037" level="INFO" html="true">&lt;/td&gt;&lt;/tr&gt;&lt;tr&gt;&lt;td colspan="3"&gt;&lt;a href="browser/screenshot/robotframework-browser-screenshot-5.png" target="_blank"&gt;&lt;img src="browser/screenshot/robotframework-browser-screenshot-5.png" width="800px"/&gt;&lt;/a&gt;</msg>
<tag>PageContent</tag>
<doc>Takes a screenshot of the current window or element and saves it to disk.</doc>
<status status="PASS" start="2025-03-19T22:16:23.452864" elapsed="0.117389"/>
</kw>
<doc>Pesquisa de parceiro por nome</doc>
<tag>admin</tag>
<status status="PASS" start="2025-03-19T22:16:20.174935" elapsed="3.395869"/>
</test>
<test id="s1-s1-t3" name="Should search partner by email" line="31">
<kw name="Start Admin Session" owner="admin">
<kw name="Start session" owner="landing">
<kw name="New Browser" owner="Browser">
<msg time="2025-03-19T22:16:23.634431" level="INFO">Switching browser to browser=31f01549-546b-4d21-bce0-3e1b0185772c</msg>
<msg time="2025-03-19T22:16:23.637270" level="INFO">Successfully changed active browser: browser=31f01549-546b-4d21-bce0-3e1b0185772c</msg>
<msg time="2025-03-19T22:16:23.637400" level="INFO">Reusing existing browser with id: browser=31f01549-546b-4d21-bce0-3e1b0185772c</msg>
<arg>browser=chromium</arg>
<arg>headless=false</arg>
<tag>BrowserControl</tag>
<tag>Setter</tag>
<doc>Create a new playwright Browser with specified options.</doc>
<status status="PASS" start="2025-03-19T22:16:23.633639" elapsed="0.003840"/>
</kw>
<kw name="New Page" owner="Browser">
<msg time="2025-03-19T22:16:25.573438" level="INFO">Successfully initialized new page object and opened url: http://localhost:3000/</msg>
<msg time="2025-03-19T22:16:25.573530" level="INFO">No context was open. New context was automatically opened when this page is created.</msg>
<arg>http://localhost:3000/</arg>
<tag>BrowserControl</tag>
<tag>Setter</tag>
<doc>Open a new Page.</doc>
<status status="PASS" start="2025-03-19T22:16:23.637725" elapsed="1.936049"/>
</kw>
<status status="PASS" start="2025-03-19T22:16:23.633039" elapsed="1.940881"/>
</kw>
<kw name="Click" owner="Browser">
<msg time="2025-03-19T22:16:25.574891" level="INFO">Clicks the element 'css=header a[href="/login"]'.</msg>
<arg>css=header a[href="/login"]</arg>
<tag>PageContent</tag>
<tag>Setter</tag>
<doc>Simulates mouse click on the element found by ``selector``.</doc>
<status status="PASS" start="2025-03-19T22:16:25.574131" elapsed="0.067393"/>
</kw>
<kw name="Submit login form" owner="login">
<kw name="Clear Text" owner="Browser">
<arg>${USERNAME_INPUT}</arg>
<tag>PageContent</tag>
<tag>Setter</tag>
<doc>Clears the text field found by ``selector``.</doc>
<status status="PASS" start="2025-03-19T22:16:25.642444" elapsed="0.015874"/>
</kw>
<kw name="Fill Text" owner="Browser">
<msg time="2025-03-19T22:16:25.659353" level="INFO">Fills the text 'administrador' in the given field.</msg>
<arg>${USERNAME_INPUT}</arg>
<arg>${username}</arg>
<tag>PageContent</tag>
<tag>Setter</tag>
<doc>Clears and fills the given ``txt`` into the text field found by ``selector``.</doc>
<status status="PASS" start="2025-03-19T22:16:25.658583" elapsed="0.013326"/>
</kw>
<kw name="Clear Text" owner="Browser">
<arg>${PASSWORD_INPUT}</arg>
<tag>PageContent</tag>
<tag>Setter</tag>
<doc>Clears the text field found by ``selector``.</doc>
<status status="PASS" start="2025-03-19T22:16:25.672202" elapsed="0.011847"/>
</kw>
<kw name="Fill Text" owner="Browser">
<msg time="2025-03-19T22:16:25.685180" level="INFO">Fills the text 'qaninja#123' in the given field.</msg>
<arg>${PASSWORD_INPUT}</arg>
<arg>${password}</arg>
<tag>PageContent</tag>
<tag>Setter</tag>
<doc>Clears and fills the given ``txt`` into the text field found by ``selector``.</doc>
<status status="PASS" start="2025-03-19T22:16:25.684350" elapsed="0.015906"/>
</kw>
<kw name="Click" owner="Browser">
<msg time="2025-03-19T22:16:25.701409" level="INFO">Clicks the element 'css=button &gt;&gt; text=Entrar'.</msg>
<arg>${LOGIN_BUTTON}</arg>
<tag>PageContent</tag>
<tag>Setter</tag>
<doc>Simulates mouse click on the element found by ``selector``.</doc>
<status status="PASS" start="2025-03-19T22:16:25.700547" elapsed="0.053692"/>
</kw>
<arg>administrador</arg>
<arg>qaninja#123</arg>
<status status="PASS" start="2025-03-19T22:16:25.641875" elapsed="0.112564"/>
</kw>
<kw name="Wait For Elements State" owner="Browser">
<msg time="2025-03-19T22:16:25.761665" level="INFO">Waited for Element with selector text=Gestão de Parceiros at state visible</msg>
<arg>text=Gestão de Parceiros</arg>
<arg>visible</arg>
<arg>10</arg>
<tag>PageContent</tag>
<tag>Wait</tag>
<doc>Waits for the element found by ``selector`` to satisfy state option.</doc>
<status status="PASS" start="2025-03-19T22:16:25.754664" elapsed="0.007255"/>
</kw>
<status status="PASS" start="2025-03-19T22:16:23.632156" elapsed="2.129881"/>
</kw>
<kw name="Fill Text" owner="Browser">
<msg time="2025-03-19T22:16:25.763149" level="INFO">Fills the text 'super_ravena@email.com' in the given field.</msg>
<arg>css=input[name="searchField"]</arg>
<arg>${PARTNER_EMAIL}</arg>
<tag>PageContent</tag>
<tag>Setter</tag>
<doc>Clears and fills the given ``txt`` into the text field found by ``selector``.</doc>
<status status="PASS" start="2025-03-19T22:16:25.762525" elapsed="0.011769"/>
</kw>
<kw name="Click" owner="Browser">
<msg time="2025-03-19T22:16:25.775707" level="INFO">Clicks the element 'text=Buscar'.</msg>
<arg>text=Buscar</arg>
<tag>PageContent</tag>
<tag>Setter</tag>
<doc>Simulates mouse click on the element found by ``selector``.</doc>
<status status="PASS" start="2025-03-19T22:16:25.774985" elapsed="0.037918"/>
</kw>
<kw name="Sleep" owner="BuiltIn">
<msg time="2025-03-19T22:16:26.814124" level="INFO">Slept 1 second.</msg>
<arg>1</arg>
<doc>Pauses the test executed for the given time.</doc>
<status status="PASS" start="2025-03-19T22:16:25.813413" elapsed="1.000859"/>
</kw>
<kw name="Take Screenshot" owner="Browser">
<msg time="2025-03-19T22:16:26.945178" level="INFO" html="true">&lt;/td&gt;&lt;/tr&gt;&lt;tr&gt;&lt;td colspan="3"&gt;&lt;a href="browser/screenshot/robotframework-browser-screenshot-6.png" target="_blank"&gt;&lt;img src="browser/screenshot/robotframework-browser-screenshot-6.png" width="800px"/&gt;&lt;/a&gt;</msg>
<tag>PageContent</tag>
<doc>Takes a screenshot of the current window or element and saves it to disk.</doc>
<status status="PASS" start="2025-03-19T22:16:26.814883" elapsed="0.130514"/>
</kw>
<kw name="Click" owner="Browser">
<msg time="2025-03-19T22:16:26.946710" level="INFO">Clicks the element 'text=Sair'.</msg>
<arg>text=Sair</arg>
<tag>PageContent</tag>
<tag>Setter</tag>
<doc>Simulates mouse click on the element found by ``selector``.</doc>
<status status="PASS" start="2025-03-19T22:16:26.945976" elapsed="0.060621"/>
</kw>
<kw name="Take Screenshot" owner="Browser">
<msg time="2025-03-19T22:16:27.121690" level="INFO" html="true">&lt;/td&gt;&lt;/tr&gt;&lt;tr&gt;&lt;td colspan="3"&gt;&lt;a href="browser/screenshot/robotframework-browser-screenshot-7.png" target="_blank"&gt;&lt;img src="browser/screenshot/robotframework-browser-screenshot-7.png" width="800px"/&gt;&lt;/a&gt;</msg>
<tag>PageContent</tag>
<doc>Takes a screenshot of the current window or element and saves it to disk.</doc>
<status status="PASS" start="2025-03-19T22:16:27.007164" elapsed="0.114721"/>
</kw>
<doc>Pesquisa de parceiro por email</doc>
<tag>admin</tag>
<status status="PASS" start="2025-03-19T22:16:23.627461" elapsed="3.494850"/>
</test>
<test id="s1-s1-t4" name="Should activate partner" line="42">
<kw name="Start Admin Session" owner="admin">
<kw name="Start session" owner="landing">
<kw name="New Browser" owner="Browser">
<msg time="2025-03-19T22:16:27.188107" level="INFO">Switching browser to browser=31f01549-546b-4d21-bce0-3e1b0185772c</msg>
<msg time="2025-03-19T22:16:27.190520" level="INFO">Successfully changed active browser: browser=31f01549-546b-4d21-bce0-3e1b0185772c</msg>
<msg time="2025-03-19T22:16:27.190639" level="INFO">Reusing existing browser with id: browser=31f01549-546b-4d21-bce0-3e1b0185772c</msg>
<arg>browser=chromium</arg>
<arg>headless=false</arg>
<tag>BrowserControl</tag>
<tag>Setter</tag>
<doc>Create a new playwright Browser with specified options.</doc>
<status status="PASS" start="2025-03-19T22:16:27.187327" elapsed="0.003387"/>
</kw>
<kw name="New Page" owner="Browser">
<msg time="2025-03-19T22:16:29.013712" level="INFO">Successfully initialized new page object and opened url: http://localhost:3000/</msg>
<msg time="2025-03-19T22:16:29.013807" level="INFO">No context was open. New context was automatically opened when this page is created.</msg>
<arg>http://localhost:3000/</arg>
<tag>BrowserControl</tag>
<tag>Setter</tag>
<doc>Open a new Page.</doc>
<status status="PASS" start="2025-03-19T22:16:27.190970" elapsed="1.823064"/>
</kw>
<status status="PASS" start="2025-03-19T22:16:27.186883" elapsed="1.827306"/>
</kw>
<kw name="Click" owner="Browser">
<msg time="2025-03-19T22:16:29.015156" level="INFO">Clicks the element 'css=header a[href="/login"]'.</msg>
<arg>css=header a[href="/login"]</arg>
<tag>PageContent</tag>
<tag>Setter</tag>
<doc>Simulates mouse click on the element found by ``selector``.</doc>
<status status="PASS" start="2025-03-19T22:16:29.014394" elapsed="0.079898"/>
</kw>
<kw name="Submit login form" owner="login">
<kw name="Clear Text" owner="Browser">
<arg>${USERNAME_INPUT}</arg>
<tag>PageContent</tag>
<tag>Setter</tag>
<doc>Clears the text field found by ``selector``.</doc>
<status status="PASS" start="2025-03-19T22:16:29.095196" elapsed="0.014306"/>
</kw>
<kw name="Fill Text" owner="Browser">
<msg time="2025-03-19T22:16:29.110471" level="INFO">Fills the text 'administrador' in the given field.</msg>
<arg>${USERNAME_INPUT}</arg>
<arg>${username}</arg>
<tag>PageContent</tag>
<tag>Setter</tag>
<doc>Clears and fills the given ``txt`` into the text field found by ``selector``.</doc>
<status status="PASS" start="2025-03-19T22:16:29.109756" elapsed="0.012782"/>
</kw>
<kw name="Clear Text" owner="Browser">
<arg>${PASSWORD_INPUT}</arg>
<tag>PageContent</tag>
<tag>Setter</tag>
<doc>Clears the text field found by ``selector``.</doc>
<status status="PASS" start="2025-03-19T22:16:29.122855" elapsed="0.012003"/>
</kw>
<kw name="Fill Text" owner="Browser">
<msg time="2025-03-19T22:16:29.135719" level="INFO">Fills the text 'qaninja#123' in the given field.</msg>
<arg>${PASSWORD_INPUT}</arg>
<arg>${password}</arg>
<tag>PageContent</tag>
<tag>Setter</tag>
<doc>Clears and fills the given ``txt`` into the text field found by ``selector``.</doc>
<status status="PASS" start="2025-03-19T22:16:29.135070" elapsed="0.010698"/>
</kw>
<kw name="Click" owner="Browser">
<msg time="2025-03-19T22:16:29.146960" level="INFO">Clicks the element 'css=button &gt;&gt; text=Entrar'.</msg>
<arg>${LOGIN_BUTTON}</arg>
<tag>PageContent</tag>
<tag>Setter</tag>
<doc>Simulates mouse click on the element found by ``selector``.</doc>
<status status="PASS" start="2025-03-19T22:16:29.146067" elapsed="0.046480"/>
</kw>
<arg>administrador</arg>
<arg>qaninja#123</arg>
<status status="PASS" start="2025-03-19T22:16:29.094635" elapsed="0.098093"/>
</kw>
<kw name="Wait For Elements State" owner="Browser">
<msg time="2025-03-19T22:16:29.199964" level="INFO">Waited for Element with selector text=Gestão de Parceiros at state visible</msg>
<arg>text=Gestão de Parceiros</arg>
<arg>visible</arg>
<arg>10</arg>
<tag>PageContent</tag>
<tag>Wait</tag>
<doc>Waits for the element found by ``selector`` to satisfy state option.</doc>
<status status="PASS" start="2025-03-19T22:16:29.193007" elapsed="0.007074"/>
</kw>
<status status="PASS" start="2025-03-19T22:16:27.186298" elapsed="2.013896"/>
</kw>
<kw name="Search partner by name" owner="admin">
<kw name="Log" owner="BuiltIn">
<msg time="2025-03-19T22:16:29.201483" level="INFO">Searching for partner: Super Ravena</msg>
<arg>Searching for partner: ${search_value}</arg>
<doc>Logs the given message with the given level.</doc>
<status status="PASS" start="2025-03-19T22:16:29.201207" elapsed="0.000327"/>
</kw>
<kw name="Clear Text" owner="Browser">
<arg>css=input[name="searchField"]</arg>
<tag>PageContent</tag>
<tag>Setter</tag>
<doc>Clears the text field found by ``selector``.</doc>
<status status="PASS" start="2025-03-19T22:16:29.201670" elapsed="0.011499"/>
</kw>
<kw name="Fill Text" owner="Browser">
<msg time="2025-03-19T22:16:29.214098" level="INFO">Fills the text 'Super Ravena' in the given field.</msg>
<arg>css=input[name="searchField"]</arg>
<arg>${search_value}</arg>
<tag>PageContent</tag>
<tag>Setter</tag>
<doc>Clears and fills the given ``txt`` into the text field found by ``selector``.</doc>
<status status="PASS" start="2025-03-19T22:16:29.213408" elapsed="0.011139"/>
</kw>
<kw name="Click" owner="Browser">
<msg time="2025-03-19T22:16:29.225600" level="INFO">Clicks the element 'text=Buscar'.</msg>
<arg>text=Buscar</arg>
<tag>PageContent</tag>
<tag>Setter</tag>
<doc>Simulates mouse click on the element found by ``selector``.</doc>
<status status="PASS" start="2025-03-19T22:16:29.224936" elapsed="0.044360"/>
</kw>
<kw name="Wait For Elements State" owner="Browser">
<msg time="2025-03-19T22:16:29.277709" level="INFO">Waited for Element with selector text=Super Ravena at state visible</msg>
<arg>text=${search_value}</arg>
<arg>visible</arg>
<arg>10</arg>
<tag>PageContent</tag>
<tag>Wait</tag>
<doc>Waits for the element found by ``selector`` to satisfy state option.</doc>
<status status="PASS" start="2025-03-19T22:16:29.269648" elapsed="0.008222"/>
</kw>
<kw name="Log" owner="BuiltIn">
<msg time="2025-03-19T22:16:29.278442" level="INFO">Partner search completed successfully</msg>
<arg>Partner search completed successfully</arg>
<doc>Logs the given message with the given level.</doc>
<status status="PASS" start="2025-03-19T22:16:29.278103" elapsed="0.000391"/>
</kw>
<arg>${PARTNER_NAME}</arg>
<status status="PASS" start="2025-03-19T22:16:29.200707" elapsed="0.077877"/>
</kw>
<kw name="Take Screenshot" owner="Browser">
<msg time="2025-03-19T22:16:29.400772" level="INFO" html="true">&lt;/td&gt;&lt;/tr&gt;&lt;tr&gt;&lt;td colspan="3"&gt;&lt;a href="browser/screenshot/robotframework-browser-screenshot-8.png" target="_blank"&gt;&lt;img src="browser/screenshot/robotframework-browser-screenshot-8.png" width="800px"/&gt;&lt;/a&gt;</msg>
<tag>PageContent</tag>
<doc>Takes a screenshot of the current window or element and saves it to disk.</doc>
<status status="PASS" start="2025-03-19T22:16:29.279040" elapsed="0.121943"/>
</kw>
<kw name="Click" owner="Browser">
<msg time="2025-03-19T22:16:29.402114" level="INFO">Clicks the element 'css=tr:first-child button.button-primary'.</msg>
<arg>css=tr:first-child button.button-primary</arg>
<tag>PageContent</tag>
<tag>Setter</tag>
<doc>Simulates mouse click on the element found by ``selector``.</doc>
<status status="PASS" start="2025-03-19T22:16:29.401468" elapsed="0.045176"/>
</kw>
<kw name="Wait For Elements State" owner="Browser">
<msg time="2025-03-19T22:16:29.661291" level="INFO">Waited for Element with selector text=Parceiro ativado com sucesso! at state visible</msg>
<arg>text=Parceiro ativado com sucesso!</arg>
<arg>visible</arg>
<arg>10</arg>
<tag>PageContent</tag>
<tag>Wait</tag>
<doc>Waits for the element found by ``selector`` to satisfy state option.</doc>
<status status="PASS" start="2025-03-19T22:16:29.447228" elapsed="0.214261"/>
</kw>
<kw name="Click" owner="Browser">
<msg time="2025-03-19T22:16:29.662764" level="INFO">Clicks the element 'text=Sair'.</msg>
<arg>text=Sair</arg>
<tag>PageContent</tag>
<tag>Setter</tag>
<doc>Simulates mouse click on the element found by ``selector``.</doc>
<status status="PASS" start="2025-03-19T22:16:29.662065" elapsed="6.339110"/>
</kw>
<kw name="Take Screenshot" owner="Browser">
<msg time="2025-03-19T22:16:36.127105" level="INFO" html="true">&lt;/td&gt;&lt;/tr&gt;&lt;tr&gt;&lt;td colspan="3"&gt;&lt;a href="browser/screenshot/robotframework-browser-screenshot-9.png" target="_blank"&gt;&lt;img src="browser/screenshot/robotframework-browser-screenshot-9.png" width="800px"/&gt;&lt;/a&gt;</msg>
<tag>PageContent</tag>
<doc>Takes a screenshot of the current window or element and saves it to disk.</doc>
<status status="PASS" start="2025-03-19T22:16:36.002003" elapsed="0.125336"/>
</kw>
<doc>Ativação de parceiro</doc>
<tag>admin</tag>
<status status="PASS" start="2025-03-19T22:16:27.181656" elapsed="8.946149"/>
</test>
<test id="s1-s1-t5" name="Should deactivate partner" line="55">
<kw name="Start Admin Session" owner="admin">
<kw name="Start session" owner="landing">
<kw name="New Browser" owner="Browser">
<msg time="2025-03-19T22:16:36.192067" level="INFO">Switching browser to browser=31f01549-546b-4d21-bce0-3e1b0185772c</msg>
<msg time="2025-03-19T22:16:36.195896" level="INFO">Successfully changed active browser: browser=31f01549-546b-4d21-bce0-3e1b0185772c</msg>
<msg time="2025-03-19T22:16:36.196186" level="INFO">Reusing existing browser with id: browser=31f01549-546b-4d21-bce0-3e1b0185772c</msg>
<arg>browser=chromium</arg>
<arg>headless=false</arg>
<tag>BrowserControl</tag>
<tag>Setter</tag>
<doc>Create a new playwright Browser with specified options.</doc>
<status status="PASS" start="2025-03-19T22:16:36.191101" elapsed="0.005231"/>
</kw>
<kw name="New Page" owner="Browser">
<msg time="2025-03-19T22:16:37.988147" level="INFO">Successfully initialized new page object and opened url: http://localhost:3000/</msg>
<msg time="2025-03-19T22:16:37.988243" level="INFO">No context was open. New context was automatically opened when this page is created.</msg>
<arg>http://localhost:3000/</arg>
<tag>BrowserControl</tag>
<tag>Setter</tag>
<doc>Open a new Page.</doc>
<status status="PASS" start="2025-03-19T22:16:36.196790" elapsed="1.791658"/>
</kw>
<status status="PASS" start="2025-03-19T22:16:36.190432" elapsed="1.798158"/>
</kw>
<kw name="Click" owner="Browser">
<msg time="2025-03-19T22:16:37.989547" level="INFO">Clicks the element 'css=header a[href="/login"]'.</msg>
<arg>css=header a[href="/login"]</arg>
<tag>PageContent</tag>
<tag>Setter</tag>
<doc>Simulates mouse click on the element found by ``selector``.</doc>
<status status="PASS" start="2025-03-19T22:16:37.988793" elapsed="0.080434"/>
</kw>
<kw name="Submit login form" owner="login">
<kw name="Clear Text" owner="Browser">
<arg>${USERNAME_INPUT}</arg>
<tag>PageContent</tag>
<tag>Setter</tag>
<doc>Clears the text field found by ``selector``.</doc>
<status status="PASS" start="2025-03-19T22:16:38.070063" elapsed="0.015793"/>
</kw>
<kw name="Fill Text" owner="Browser">
<msg time="2025-03-19T22:16:38.086985" level="INFO">Fills the text 'administrador' in the given field.</msg>
<arg>${USERNAME_INPUT}</arg>
<arg>${username}</arg>
<tag>PageContent</tag>
<tag>Setter</tag>
<doc>Clears and fills the given ``txt`` into the text field found by ``selector``.</doc>
<status status="PASS" start="2025-03-19T22:16:38.086137" elapsed="0.013858"/>
</kw>
<kw name="Clear Text" owner="Browser">
<arg>${PASSWORD_INPUT}</arg>
<tag>PageContent</tag>
<tag>Setter</tag>
<doc>Clears the text field found by ``selector``.</doc>
<status status="PASS" start="2025-03-19T22:16:38.100274" elapsed="0.011555"/>
</kw>
<kw name="Fill Text" owner="Browser">
<msg time="2025-03-19T22:16:38.112895" level="INFO">Fills the text 'qaninja#123' in the given field.</msg>
<arg>${PASSWORD_INPUT}</arg>
<arg>${password}</arg>
<tag>PageContent</tag>
<tag>Setter</tag>
<doc>Clears and fills the given ``txt`` into the text field found by ``selector``.</doc>
<status status="PASS" start="2025-03-19T22:16:38.112062" elapsed="0.010692"/>
</kw>
<kw name="Click" owner="Browser">
<msg time="2025-03-19T22:16:38.123665" level="INFO">Clicks the element 'css=button &gt;&gt; text=Entrar'.</msg>
<arg>${LOGIN_BUTTON}</arg>
<tag>PageContent</tag>
<tag>Setter</tag>
<doc>Simulates mouse click on the element found by ``selector``.</doc>
<status status="PASS" start="2025-03-19T22:16:38.122991" elapsed="0.060635"/>
</kw>
<arg>administrador</arg>
<arg>qaninja#123</arg>
<status status="PASS" start="2025-03-19T22:16:38.069522" elapsed="0.114282"/>
</kw>
<kw name="Wait For Elements State" owner="Browser">
<msg time="2025-03-19T22:16:38.190625" level="INFO">Waited for Element with selector text=Gestão de Parceiros at state visible</msg>
<arg>text=Gestão de Parceiros</arg>
<arg>visible</arg>
<arg>10</arg>
<tag>PageContent</tag>
<tag>Wait</tag>
<doc>Waits for the element found by ``selector`` to satisfy state option.</doc>
<status status="PASS" start="2025-03-19T22:16:38.184026" elapsed="0.006727"/>
</kw>
<status status="PASS" start="2025-03-19T22:16:36.189764" elapsed="2.001234"/>
</kw>
<kw name="Search partner by name" owner="admin">
<kw name="Log" owner="BuiltIn">
<msg time="2025-03-19T22:16:38.192357" level="INFO">Searching for partner: Super Ravena</msg>
<arg>Searching for partner: ${search_value}</arg>
<doc>Logs the given message with the given level.</doc>
<status status="PASS" start="2025-03-19T22:16:38.192070" elapsed="0.000337"/>
</kw>
<kw name="Clear Text" owner="Browser">
<arg>css=input[name="searchField"]</arg>
<tag>PageContent</tag>
<tag>Setter</tag>
<doc>Clears the text field found by ``selector``.</doc>
<status status="PASS" start="2025-03-19T22:16:38.192542" elapsed="0.011024"/>
</kw>
<kw name="Fill Text" owner="Browser">
<msg time="2025-03-19T22:16:38.204570" level="INFO">Fills the text 'Super Ravena' in the given field.</msg>
<arg>css=input[name="searchField"]</arg>
<arg>${search_value}</arg>
<tag>PageContent</tag>
<tag>Setter</tag>
<doc>Clears and fills the given ``txt`` into the text field found by ``selector``.</doc>
<status status="PASS" start="2025-03-19T22:16:38.203860" elapsed="0.010958"/>
</kw>
<kw name="Click" owner="Browser">
<msg time="2025-03-19T22:16:38.215917" level="INFO">Clicks the element 'text=Buscar'.</msg>
<arg>text=Buscar</arg>
<tag>PageContent</tag>
<tag>Setter</tag>
<doc>Simulates mouse click on the element found by ``selector``.</doc>
<status status="PASS" start="2025-03-19T22:16:38.215111" elapsed="0.044361"/>
</kw>
<kw name="Wait For Elements State" owner="Browser">
<msg time="2025-03-19T22:16:38.268018" level="INFO">Waited for Element with selector text=Super Ravena at state visible</msg>
<arg>text=${search_value}</arg>
<arg>visible</arg>
<arg>10</arg>
<tag>PageContent</tag>
<tag>Wait</tag>
<doc>Waits for the element found by ``selector`` to satisfy state option.</doc>
<status status="PASS" start="2025-03-19T22:16:38.259800" elapsed="0.008439"/>
</kw>
<kw name="Log" owner="BuiltIn">
<msg time="2025-03-19T22:16:38.268877" level="INFO">Partner search completed successfully</msg>
<arg>Partner search completed successfully</arg>
<doc>Logs the given message with the given level.</doc>
<status status="PASS" start="2025-03-19T22:16:38.268491" elapsed="0.000449"/>
</kw>
<arg>${PARTNER_NAME}</arg>
<status status="PASS" start="2025-03-19T22:16:38.191538" elapsed="0.077494"/>
</kw>
<kw name="Take Screenshot" owner="Browser">
<msg time="2025-03-19T22:16:38.376069" level="INFO" html="true">&lt;/td&gt;&lt;/tr&gt;&lt;tr&gt;&lt;td colspan="3"&gt;&lt;a href="browser/screenshot/robotframework-browser-screenshot-10.png" target="_blank"&gt;&lt;img src="browser/screenshot/robotframework-browser-screenshot-10.png" width="800px"/&gt;&lt;/a&gt;</msg>
<tag>PageContent</tag>
<doc>Takes a screenshot of the current window or element and saves it to disk.</doc>
<status status="PASS" start="2025-03-19T22:16:38.269497" elapsed="0.106787"/>
</kw>
<kw name="Click" owner="Browser">
<msg time="2025-03-19T22:16:38.377457" level="INFO">Clicks the element 'css=tr:first-child button.button-secondary'.</msg>
<arg>css=tr:first-child button.button-secondary</arg>
<tag>PageContent</tag>
<tag>Setter</tag>
<doc>Simulates mouse click on the element found by ``selector``.</doc>
<status status="PASS" start="2025-03-19T22:16:38.376790" elapsed="0.045877"/>
</kw>
<kw name="Wait For Elements State" owner="Browser">
<msg time="2025-03-19T22:16:38.639686" level="INFO">Waited for Element with selector text=Parceiro inativado com sucesso! at state visible</msg>
<arg>text=Parceiro inativado com sucesso!</arg>
<arg>visible</arg>
<arg>10</arg>
<tag>PageContent</tag>
<tag>Wait</tag>
<doc>Waits for the element found by ``selector`` to satisfy state option.</doc>
<status status="PASS" start="2025-03-19T22:16:38.423287" elapsed="0.216643"/>
</kw>
<kw name="Take Screenshot" owner="Browser">
<msg time="2025-03-19T22:16:38.763630" level="INFO" html="true">&lt;/td&gt;&lt;/tr&gt;&lt;tr&gt;&lt;td colspan="3"&gt;&lt;a href="browser/screenshot/robotframework-browser-screenshot-11.png" target="_blank"&gt;&lt;img src="browser/screenshot/robotframework-browser-screenshot-11.png" width="800px"/&gt;&lt;/a&gt;</msg>
<tag>PageContent</tag>
<doc>Takes a screenshot of the current window or element and saves it to disk.</doc>
<status status="PASS" start="2025-03-19T22:16:38.640563" elapsed="0.123330"/>
</kw>
<doc>Inativar de parceiro</doc>
<tag>admin</tag>
<status status="PASS" start="2025-03-19T22:16:36.184250" elapsed="2.580110"/>
</test>
<test id="s1-s1-t6" name="Should cancel partner deletion" line="67">
<kw name="Start Admin Session" owner="admin">
<kw name="Start session" owner="landing">
<kw name="New Browser" owner="Browser">
<msg time="2025-03-19T22:16:38.825619" level="INFO">Switching browser to browser=31f01549-546b-4d21-bce0-3e1b0185772c</msg>
<msg time="2025-03-19T22:16:38.827499" level="INFO">Successfully changed active browser: browser=31f01549-546b-4d21-bce0-3e1b0185772c</msg>
<msg time="2025-03-19T22:16:38.827591" level="INFO">Reusing existing browser with id: browser=31f01549-546b-4d21-bce0-3e1b0185772c</msg>
<arg>browser=chromium</arg>
<arg>headless=false</arg>
<tag>BrowserControl</tag>
<tag>Setter</tag>
<doc>Create a new playwright Browser with specified options.</doc>
<status status="PASS" start="2025-03-19T22:16:38.824878" elapsed="0.002781"/>
</kw>
<kw name="New Page" owner="Browser">
<msg time="2025-03-19T22:16:39.543717" level="INFO">Successfully initialized new page object and opened url: http://localhost:3000/</msg>
<msg time="2025-03-19T22:16:39.543813" level="INFO">No context was open. New context was automatically opened when this page is created.</msg>
<arg>http://localhost:3000/</arg>
<tag>BrowserControl</tag>
<tag>Setter</tag>
<doc>Open a new Page.</doc>
<status status="PASS" start="2025-03-19T22:16:38.827853" elapsed="0.716160"/>
</kw>
<status status="PASS" start="2025-03-19T22:16:38.824405" elapsed="0.719758"/>
</kw>
<kw name="Click" owner="Browser">
<msg time="2025-03-19T22:16:39.545233" level="INFO">Clicks the element 'css=header a[href="/login"]'.</msg>
<arg>css=header a[href="/login"]</arg>
<tag>PageContent</tag>
<tag>Setter</tag>
<doc>Simulates mouse click on the element found by ``selector``.</doc>
<status status="PASS" start="2025-03-19T22:16:39.544366" elapsed="0.076582"/>
</kw>
<kw name="Submit login form" owner="login">
<kw name="Clear Text" owner="Browser">
<arg>${USERNAME_INPUT}</arg>
<tag>PageContent</tag>
<tag>Setter</tag>
<doc>Clears the text field found by ``selector``.</doc>
<status status="PASS" start="2025-03-19T22:16:39.621827" elapsed="0.013979"/>
</kw>
<kw name="Fill Text" owner="Browser">
<msg time="2025-03-19T22:16:39.636935" level="INFO">Fills the text 'administrador' in the given field.</msg>
<arg>${USERNAME_INPUT}</arg>
<arg>${username}</arg>
<tag>PageContent</tag>
<tag>Setter</tag>
<doc>Clears and fills the given ``txt`` into the text field found by ``selector``.</doc>
<status status="PASS" start="2025-03-19T22:16:39.636113" elapsed="0.012388"/>
</kw>
<kw name="Clear Text" owner="Browser">
<arg>${PASSWORD_INPUT}</arg>
<tag>PageContent</tag>
<tag>Setter</tag>
<doc>Clears the text field found by ``selector``.</doc>
<status status="PASS" start="2025-03-19T22:16:39.648787" elapsed="0.012514"/>
</kw>
<kw name="Fill Text" owner="Browser">
<msg time="2025-03-19T22:16:39.662317" level="INFO">Fills the text 'qaninja#123' in the given field.</msg>
<arg>${PASSWORD_INPUT}</arg>
<arg>${password}</arg>
<tag>PageContent</tag>
<tag>Setter</tag>
<doc>Clears and fills the given ``txt`` into the text field found by ``selector``.</doc>
<status status="PASS" start="2025-03-19T22:16:39.661561" elapsed="0.011153"/>
</kw>
<kw name="Click" owner="Browser">
<msg time="2025-03-19T22:16:39.673678" level="INFO">Clicks the element 'css=button &gt;&gt; text=Entrar'.</msg>
<arg>${LOGIN_BUTTON}</arg>
<tag>PageContent</tag>
<tag>Setter</tag>
<doc>Simulates mouse click on the element found by ``selector``.</doc>
<status status="PASS" start="2025-03-19T22:16:39.672976" elapsed="0.046200"/>
</kw>
<arg>administrador</arg>
<arg>qaninja#123</arg>
<status status="PASS" start="2025-03-19T22:16:39.621270" elapsed="0.098226"/>
</kw>
<kw name="Wait For Elements State" owner="Browser">
<msg time="2025-03-19T22:16:39.727219" level="INFO">Waited for Element with selector text=Gestão de Parceiros at state visible</msg>
<arg>text=Gestão de Parceiros</arg>
<arg>visible</arg>
<arg>10</arg>
<tag>PageContent</tag>
<tag>Wait</tag>
<doc>Waits for the element found by ``selector`` to satisfy state option.</doc>
<status status="PASS" start="2025-03-19T22:16:39.719718" elapsed="0.007698"/>
</kw>
<status status="PASS" start="2025-03-19T22:16:38.823845" elapsed="0.903716"/>
</kw>
<kw name="Search partner by name" owner="admin">
<kw name="Log" owner="BuiltIn">
<msg time="2025-03-19T22:16:39.729167" level="INFO">Searching for partner: Super Ravena</msg>
<arg>Searching for partner: ${search_value}</arg>
<doc>Logs the given message with the given level.</doc>
<status status="PASS" start="2025-03-19T22:16:39.728810" elapsed="0.000410"/>
</kw>
<kw name="Clear Text" owner="Browser">
<arg>css=input[name="searchField"]</arg>
<tag>PageContent</tag>
<tag>Setter</tag>
<doc>Clears the text field found by ``selector``.</doc>
<status status="PASS" start="2025-03-19T22:16:39.729373" elapsed="0.012663"/>
</kw>
<kw name="Fill Text" owner="Browser">
<msg time="2025-03-19T22:16:39.743056" level="INFO">Fills the text 'Super Ravena' in the given field.</msg>
<arg>css=input[name="searchField"]</arg>
<arg>${search_value}</arg>
<tag>PageContent</tag>
<tag>Setter</tag>
<doc>Clears and fills the given ``txt`` into the text field found by ``selector``.</doc>
<status status="PASS" start="2025-03-19T22:16:39.742303" elapsed="0.012214"/>
</kw>
<kw name="Click" owner="Browser">
<msg time="2025-03-19T22:16:39.755532" level="INFO">Clicks the element 'text=Buscar'.</msg>
<arg>text=Buscar</arg>
<tag>PageContent</tag>
<tag>Setter</tag>
<doc>Simulates mouse click on the element found by ``selector``.</doc>
<status status="PASS" start="2025-03-19T22:16:39.754823" elapsed="0.040568"/>
</kw>
<kw name="Wait For Elements State" owner="Browser">
<msg time="2025-03-19T22:16:39.803520" level="INFO">Waited for Element with selector text=Super Ravena at state visible</msg>
<arg>text=${search_value}</arg>
<arg>visible</arg>
<arg>10</arg>
<tag>PageContent</tag>
<tag>Wait</tag>
<doc>Waits for the element found by ``selector`` to satisfy state option.</doc>
<status status="PASS" start="2025-03-19T22:16:39.795660" elapsed="0.008046"/>
</kw>
<kw name="Log" owner="BuiltIn">
<msg time="2025-03-19T22:16:39.804249" level="INFO">Partner search completed successfully</msg>
<arg>Partner search completed successfully</arg>
<doc>Logs the given message with the given level.</doc>
<status status="PASS" start="2025-03-19T22:16:39.803936" elapsed="0.000364"/>
</kw>
<arg>${PARTNER_NAME}</arg>
<status status="PASS" start="2025-03-19T22:16:39.728152" elapsed="0.076239"/>
</kw>
<kw name="Take Screenshot" owner="Browser">
<msg time="2025-03-19T22:16:39.932412" level="INFO" html="true">&lt;/td&gt;&lt;/tr&gt;&lt;tr&gt;&lt;td colspan="3"&gt;&lt;a href="browser/screenshot/robotframework-browser-screenshot-12.png" target="_blank"&gt;&lt;img src="browser/screenshot/robotframework-browser-screenshot-12.png" width="800px"/&gt;&lt;/a&gt;</msg>
<tag>PageContent</tag>
<doc>Takes a screenshot of the current window or element and saves it to disk.</doc>
<status status="PASS" start="2025-03-19T22:16:39.804856" elapsed="0.127795"/>
</kw>
<kw name="Click" owner="Browser">
<msg time="2025-03-19T22:16:39.933830" level="INFO">Clicks the element 'css=button[class="button button-danger"]'.</msg>
<arg>css=button[class="button button-danger"]</arg>
<tag>PageContent</tag>
<tag>Setter</tag>
<doc>Simulates mouse click on the element found by ``selector``.</doc>
<status status="PASS" start="2025-03-19T22:16:39.933162" elapsed="0.052582"/>
</kw>
<kw name="Wait For Elements State" owner="Browser">
<msg time="2025-03-19T22:16:39.992779" level="INFO">Waited for Element with selector xpath=//h2[@id='swal2-title' and text()='Super Ravena'] at state visible</msg>
<arg>xpath=//h2[@id='swal2-title' and text()='${PARTNER_NAME}']</arg>
<arg>visible</arg>
<arg>10</arg>
<tag>PageContent</tag>
<tag>Wait</tag>
<doc>Waits for the element found by ``selector`` to satisfy state option.</doc>
<status status="PASS" start="2025-03-19T22:16:39.986351" elapsed="0.006579"/>
</kw>
<kw name="Wait For Elements State" owner="Browser">
<msg time="2025-03-19T22:16:39.999391" level="INFO">Waited for Element with selector text=Você confirma desse parceiro? at state visible</msg>
<arg>text=Você confirma desse parceiro?</arg>
<arg>visible</arg>
<arg>10</arg>
<tag>PageContent</tag>
<tag>Wait</tag>
<doc>Waits for the element found by ``selector`` to satisfy state option.</doc>
<status status="PASS" start="2025-03-19T22:16:39.993380" elapsed="0.006250"/>
</kw>
<kw name="Click" owner="Browser">
<msg time="2025-03-19T22:16:40.000845" level="INFO">Clicks the element 'text=Não'.</msg>
<arg>text=Não</arg>
<tag>PageContent</tag>
<tag>Setter</tag>
<doc>Simulates mouse click on the element found by ``selector``.</doc>
<status status="PASS" start="2025-03-19T22:16:40.000139" elapsed="0.391856"/>
</kw>
<kw name="Take Screenshot" owner="Browser">
<msg time="2025-03-19T22:16:40.514517" level="INFO" html="true">&lt;/td&gt;&lt;/tr&gt;&lt;tr&gt;&lt;td colspan="3"&gt;&lt;a href="browser/screenshot/robotframework-browser-screenshot-13.png" target="_blank"&gt;&lt;img src="browser/screenshot/robotframework-browser-screenshot-13.png" width="800px"/&gt;&lt;/a&gt;</msg>
<tag>PageContent</tag>
<doc>Takes a screenshot of the current window or element and saves it to disk.</doc>
<status status="PASS" start="2025-03-19T22:16:40.392662" elapsed="0.122108"/>
</kw>
<doc>Desistir de deletar parceiro</doc>
<tag>admin</tag>
<status status="PASS" start="2025-03-19T22:16:38.819937" elapsed="1.695283"/>
</test>
<test id="s1-s1-t7" name="Should delete partner" line="83">
<kw name="Start Admin Session" owner="admin">
<kw name="Start session" owner="landing">
<kw name="New Browser" owner="Browser">
<msg time="2025-03-19T22:16:40.578439" level="INFO">Switching browser to browser=31f01549-546b-4d21-bce0-3e1b0185772c</msg>
<msg time="2025-03-19T22:16:40.580393" level="INFO">Successfully changed active browser: browser=31f01549-546b-4d21-bce0-3e1b0185772c</msg>
<msg time="2025-03-19T22:16:40.580492" level="INFO">Reusing existing browser with id: browser=31f01549-546b-4d21-bce0-3e1b0185772c</msg>
<arg>browser=chromium</arg>
<arg>headless=false</arg>
<tag>BrowserControl</tag>
<tag>Setter</tag>
<doc>Create a new playwright Browser with specified options.</doc>
<status status="PASS" start="2025-03-19T22:16:40.577713" elapsed="0.002852"/>
</kw>
<kw name="New Page" owner="Browser">
<msg time="2025-03-19T22:16:42.442135" level="INFO">Successfully initialized new page object and opened url: http://localhost:3000/</msg>
<msg time="2025-03-19T22:16:42.442228" level="INFO">No context was open. New context was automatically opened when this page is created.</msg>
<arg>http://localhost:3000/</arg>
<tag>BrowserControl</tag>
<tag>Setter</tag>
<doc>Open a new Page.</doc>
<status status="PASS" start="2025-03-19T22:16:40.580777" elapsed="1.861699"/>
</kw>
<status status="PASS" start="2025-03-19T22:16:40.577273" elapsed="1.865363"/>
</kw>
<kw name="Click" owner="Browser">
<msg time="2025-03-19T22:16:42.443738" level="INFO">Clicks the element 'css=header a[href="/login"]'.</msg>
<arg>css=header a[href="/login"]</arg>
<tag>PageContent</tag>
<tag>Setter</tag>
<doc>Simulates mouse click on the element found by ``selector``.</doc>
<status status="PASS" start="2025-03-19T22:16:42.442870" elapsed="0.081086"/>
</kw>
<kw name="Submit login form" owner="login">
<kw name="Clear Text" owner="Browser">
<arg>${USERNAME_INPUT}</arg>
<tag>PageContent</tag>
<tag>Setter</tag>
<doc>Clears the text field found by ``selector``.</doc>
<status status="PASS" start="2025-03-19T22:16:42.524885" elapsed="0.013659"/>
</kw>
<kw name="Fill Text" owner="Browser">
<msg time="2025-03-19T22:16:42.539697" level="INFO">Fills the text 'administrador' in the given field.</msg>
<arg>${USERNAME_INPUT}</arg>
<arg>${username}</arg>
<tag>PageContent</tag>
<tag>Setter</tag>
<doc>Clears and fills the given ``txt`` into the text field found by ``selector``.</doc>
<status status="PASS" start="2025-03-19T22:16:42.538924" elapsed="0.012347"/>
</kw>
<kw name="Clear Text" owner="Browser">
<arg>${PASSWORD_INPUT}</arg>
<tag>PageContent</tag>
<tag>Setter</tag>
<doc>Clears the text field found by ``selector``.</doc>
<status status="PASS" start="2025-03-19T22:16:42.551537" elapsed="0.012040"/>
</kw>
<kw name="Fill Text" owner="Browser">
<msg time="2025-03-19T22:16:42.564554" level="INFO">Fills the text 'qaninja#123' in the given field.</msg>
<arg>${PASSWORD_INPUT}</arg>
<arg>${password}</arg>
<tag>PageContent</tag>
<tag>Setter</tag>
<doc>Clears and fills the given ``txt`` into the text field found by ``selector``.</doc>
<status status="PASS" start="2025-03-19T22:16:42.563827" elapsed="0.011104"/>
</kw>
<kw name="Click" owner="Browser">
<msg time="2025-03-19T22:16:42.575955" level="INFO">Clicks the element 'css=button &gt;&gt; text=Entrar'.</msg>
<arg>${LOGIN_BUTTON}</arg>
<tag>PageContent</tag>
<tag>Setter</tag>
<doc>Simulates mouse click on the element found by ``selector``.</doc>
<status status="PASS" start="2025-03-19T22:16:42.575201" elapsed="0.046002"/>
</kw>
<arg>administrador</arg>
<arg>qaninja#123</arg>
<status status="PASS" start="2025-03-19T22:16:42.524315" elapsed="0.097067"/>
</kw>
<kw name="Wait For Elements State" owner="Browser">
<msg time="2025-03-19T22:16:42.628063" level="INFO">Waited for Element with selector text=Gestão de Parceiros at state visible</msg>
<arg>text=Gestão de Parceiros</arg>
<arg>visible</arg>
<arg>10</arg>
<tag>PageContent</tag>
<tag>Wait</tag>
<doc>Waits for the element found by ``selector`` to satisfy state option.</doc>
<status status="PASS" start="2025-03-19T22:16:42.621621" elapsed="0.006563"/>
</kw>
<status status="PASS" start="2025-03-19T22:16:40.576704" elapsed="2.051585"/>
</kw>
<kw name="Search partner by name" owner="admin">
<kw name="Log" owner="BuiltIn">
<msg time="2025-03-19T22:16:42.629581" level="INFO">Searching for partner: Super Ravena</msg>
<arg>Searching for partner: ${search_value}</arg>
<doc>Logs the given message with the given level.</doc>
<status status="PASS" start="2025-03-19T22:16:42.629311" elapsed="0.000320"/>
</kw>
<kw name="Clear Text" owner="Browser">
<arg>css=input[name="searchField"]</arg>
<tag>PageContent</tag>
<tag>Setter</tag>
<doc>Clears the text field found by ``selector``.</doc>
<status status="PASS" start="2025-03-19T22:16:42.629764" elapsed="0.009995"/>
</kw>
<kw name="Fill Text" owner="Browser">
<msg time="2025-03-19T22:16:42.640820" level="INFO">Fills the text 'Super Ravena' in the given field.</msg>
<arg>css=input[name="searchField"]</arg>
<arg>${search_value}</arg>
<tag>PageContent</tag>
<tag>Setter</tag>
<doc>Clears and fills the given ``txt`` into the text field found by ``selector``.</doc>
<status status="PASS" start="2025-03-19T22:16:42.640052" elapsed="0.011965"/>
</kw>
<kw name="Click" owner="Browser">
<msg time="2025-03-19T22:16:42.653188" level="INFO">Clicks the element 'text=Buscar'.</msg>
<arg>text=Buscar</arg>
<tag>PageContent</tag>
<tag>Setter</tag>
<doc>Simulates mouse click on the element found by ``selector``.</doc>
<status status="PASS" start="2025-03-19T22:16:42.652390" elapsed="0.046860"/>
</kw>
<kw name="Wait For Elements State" owner="Browser">
<msg time="2025-03-19T22:16:42.707729" level="INFO">Waited for Element with selector text=Super Ravena at state visible</msg>
<arg>text=${search_value}</arg>
<arg>visible</arg>
<arg>10</arg>
<tag>PageContent</tag>
<tag>Wait</tag>
<doc>Waits for the element found by ``selector`` to satisfy state option.</doc>
<status status="PASS" start="2025-03-19T22:16:42.699587" elapsed="0.008353"/>
</kw>
<kw name="Log" owner="BuiltIn">
<msg time="2025-03-19T22:16:42.708558" level="INFO">Partner search completed successfully</msg>
<arg>Partner search completed successfully</arg>
<doc>Logs the given message with the given level.</doc>
<status status="PASS" start="2025-03-19T22:16:42.708197" elapsed="0.000410"/>
</kw>
<arg>${PARTNER_NAME}</arg>
<status status="PASS" start="2025-03-19T22:16:42.628825" elapsed="0.079870"/>
</kw>
<kw name="Take Screenshot" owner="Browser">
<msg time="2025-03-19T22:16:42.833721" level="INFO" html="true">&lt;/td&gt;&lt;/tr&gt;&lt;tr&gt;&lt;td colspan="3"&gt;&lt;a href="browser/screenshot/robotframework-browser-screenshot-14.png" target="_blank"&gt;&lt;img src="browser/screenshot/robotframework-browser-screenshot-14.png" width="800px"/&gt;&lt;/a&gt;</msg>
<tag>PageContent</tag>
<doc>Takes a screenshot of the current window or element and saves it to disk.</doc>
<status status="PASS" start="2025-03-19T22:16:42.709179" elapsed="0.124782"/>
</kw>
<kw name="Click" owner="Browser">
<msg time="2025-03-19T22:16:42.835209" level="INFO">Clicks the element 'css=button[class="button button-danger"]'.</msg>
<arg>css=button[class="button button-danger"]</arg>
<tag>PageContent</tag>
<tag>Setter</tag>
<doc>Simulates mouse click on the element found by ``selector``.</doc>
<status status="PASS" start="2025-03-19T22:16:42.834467" elapsed="0.055944"/>
</kw>
<kw name="Wait For Elements State" owner="Browser">
<msg time="2025-03-19T22:16:42.897020" level="INFO">Waited for Element with selector xpath=//h2[@id='swal2-title' and text()='Super Ravena'] at state visible</msg>
<arg>xpath=//h2[@id='swal2-title' and text()='${PARTNER_NAME}']</arg>
<arg>visible</arg>
<arg>10</arg>
<tag>PageContent</tag>
<tag>Wait</tag>
<doc>Waits for the element found by ``selector`` to satisfy state option.</doc>
<status status="PASS" start="2025-03-19T22:16:42.890948" elapsed="0.006181"/>
</kw>
<kw name="Wait For Elements State" owner="Browser">
<msg time="2025-03-19T22:16:42.904484" level="INFO">Waited for Element with selector text=Você confirma desse parceiro? at state visible</msg>
<arg>text=Você confirma desse parceiro?</arg>
<arg>visible</arg>
<arg>10</arg>
<tag>PageContent</tag>
<tag>Wait</tag>
<doc>Waits for the element found by ``selector`` to satisfy state option.</doc>
<status status="PASS" start="2025-03-19T22:16:42.897589" elapsed="0.007093"/>
</kw>
<kw name="Click" owner="Browser">
<msg time="2025-03-19T22:16:42.905900" level="INFO">Clicks the element 'text=Sim, por favor!'.</msg>
<arg>text=Sim, por favor!</arg>
<tag>PageContent</tag>
<tag>Setter</tag>
<doc>Simulates mouse click on the element found by ``selector``.</doc>
<status status="PASS" start="2025-03-19T22:16:42.905192" elapsed="0.389933"/>
</kw>
<kw name="Take Screenshot" owner="Browser">
<msg time="2025-03-19T22:16:43.421348" level="INFO" html="true">&lt;/td&gt;&lt;/tr&gt;&lt;tr&gt;&lt;td colspan="3"&gt;&lt;a href="browser/screenshot/robotframework-browser-screenshot-15.png" target="_blank"&gt;&lt;img src="browser/screenshot/robotframework-browser-screenshot-15.png" width="800px"/&gt;&lt;/a&gt;</msg>
<tag>PageContent</tag>
<doc>Takes a screenshot of the current window or element and saves it to disk.</doc>
<status status="PASS" start="2025-03-19T22:16:43.295764" elapsed="0.125866"/>
</kw>
<doc>Deletar parceiro</doc>
<tag>admin</tag>
<status status="PASS" start="2025-03-19T22:16:40.572097" elapsed="2.849994"/>
</test>
<doc>Página de administrador</doc>
<status status="PASS" start="2025-03-19T22:16:10.663038" elapsed="32.813862"/>
</suite>
<suite id="s1-s2" name="Landing" source="C:\workspace\projetos\Robot\buger-eats-partner-ms\tests\web\landing.robot">
<kw name="Start session" owner="landing" type="SETUP">
<kw name="New Browser" owner="Browser">
<msg time="2025-03-19T22:16:43.511615" level="INFO">Switching browser to browser=31f01549-546b-4d21-bce0-3e1b0185772c</msg>
<msg time="2025-03-19T22:16:43.513617" level="INFO">Successfully changed active browser: browser=31f01549-546b-4d21-bce0-3e1b0185772c</msg>
<msg time="2025-03-19T22:16:43.513716" level="INFO">Reusing existing browser with id: browser=31f01549-546b-4d21-bce0-3e1b0185772c</msg>
<arg>browser=chromium</arg>
<arg>headless=false</arg>
<tag>BrowserControl</tag>
<tag>Setter</tag>
<doc>Create a new playwright Browser with specified options.</doc>
<status status="PASS" start="2025-03-19T22:16:43.510843" elapsed="0.003121"/>
</kw>
<kw name="New Page" owner="Browser">
<msg time="2025-03-19T22:16:44.246589" level="INFO">Successfully initialized new page object and opened url: http://localhost:3000/</msg>
<msg time="2025-03-19T22:16:44.246678" level="INFO">No context was open. New context was automatically opened when this page is created.</msg>
<arg>http://localhost:3000/</arg>
<tag>BrowserControl</tag>
<tag>Setter</tag>
<doc>Open a new Page.</doc>
<status status="PASS" start="2025-03-19T22:16:43.514176" elapsed="0.732710"/>
</kw>
<status status="PASS" start="2025-03-19T22:16:43.510317" elapsed="0.736721"/>
</kw>
<test id="s1-s2-t1" name="Should validate homepage elements" line="11">
<kw name="Validate H1 Text" owner="landing">
<kw name="Wait For Elements State" owner="Browser">
<msg time="2025-03-19T22:16:44.281065" level="INFO">Waited for Element with selector h1 at state visible</msg>
<arg>h1</arg>
<arg>visible</arg>
<arg>10</arg>
<tag>PageContent</tag>
<tag>Wait</tag>
<doc>Waits for the element found by ``selector`` to satisfy state option.</doc>
<status status="PASS" start="2025-03-19T22:16:44.256413" elapsed="0.024857"/>
</kw>
<kw name="Get Text" owner="Browser">
<msg time="2025-03-19T22:16:44.307213" level="INFO">Text: 'Seja parceiro do Buger Eats'</msg>
<msg time="2025-03-19T22:16:44.307392" level="INFO">${h1_text} = Seja parceiro do Buger Eats</msg>
<var>${h1_text}</var>
<arg>h1</arg>
<tag>Assertion</tag>
<tag>Getter</tag>
<tag>PageContent</tag>
<doc>Returns text attribute of the element found by ``selector``.</doc>
<status status="PASS" start="2025-03-19T22:16:44.281510" elapsed="0.025918"/>
</kw>
<kw name="Should Be Equal" owner="BuiltIn">
<arg>${h1_text}</arg>
<arg>${expected_text}</arg>
<doc>Fails if the given objects are unequal.</doc>
<status status="PASS" start="2025-03-19T22:16:44.307668" elapsed="0.000468"/>
</kw>
<arg>Seja parceiro do Buger Eats</arg>
<status status="PASS" start="2025-03-19T22:16:44.255801" elapsed="0.052435"/>
</kw>
<kw name="Get Text" owner="Browser">
<msg time="2025-03-19T22:16:44.324302" level="INFO">Text: 'Clientes a um clique de distância e seu negócio vendendo como nunca.'</msg>
<arg>main p</arg>
<arg>Equal</arg>
<arg>Clientes a um clique de distância e seu negócio vendendo como nunca.</arg>
<tag>Assertion</tag>
<tag>Getter</tag>
<tag>PageContent</tag>
<doc>Returns text attribute of the element found by ``selector``.</doc>
<status status="PASS" start="2025-03-19T22:16:44.308713" elapsed="0.015707"/>
</kw>
<kw name="Validate Main Buttons" owner="landing">
<kw name="Wait For Elements State" owner="Browser">
<msg time="2025-03-19T22:16:44.331118" level="INFO">Waited for Element with selector img[alt="Buger Eats"] at state visible</msg>
<arg>${LOGO_IMG}</arg>
<arg>visible</arg>
<tag>PageContent</tag>
<tag>Wait</tag>
<doc>Waits for the element found by ``selector`` to satisfy state option.</doc>
<status status="PASS" start="2025-03-19T22:16:44.325459" elapsed="0.005817"/>
</kw>
<kw name="Wait For Elements State" owner="Browser">
<msg time="2025-03-19T22:16:44.337502" level="INFO">Waited for Element with selector a[href="/login"] at state visible</msg>
<arg>${LOGIN_LINK}</arg>
<arg>visible</arg>
<tag>PageContent</tag>
<tag>Wait</tag>
<doc>Waits for the element found by ``selector`` to satisfy state option.</doc>
<status status="PASS" start="2025-03-19T22:16:44.331483" elapsed="0.006237"/>
</kw>
<kw name="Wait For Elements State" owner="Browser">
<msg time="2025-03-19T22:16:44.343935" level="INFO">Waited for Element with selector a[href="/partner"] at state visible</msg>
<arg>${PARTNER_BUTTON}</arg>
<arg>visible</arg>
<tag>PageContent</tag>
<tag>Wait</tag>
<doc>Waits for the element found by ``selector`` to satisfy state option.</doc>
<status status="PASS" start="2025-03-19T22:16:44.337973" elapsed="0.006080"/>
</kw>
<status status="PASS" start="2025-03-19T22:16:44.324964" elapsed="0.019211"/>
</kw>
<kw name="Take Screenshot" owner="Browser">
<msg time="2025-03-19T22:16:44.485976" level="INFO" html="true">&lt;/td&gt;&lt;/tr&gt;&lt;tr&gt;&lt;td colspan="3"&gt;&lt;a href="browser/screenshot/robotframework-browser-screenshot-16.png" target="_blank"&gt;&lt;img src="browser/screenshot/robotframework-browser-screenshot-16.png" width="800px"/&gt;&lt;/a&gt;</msg>
<tag>PageContent</tag>
<doc>Takes a screenshot of the current window or element and saves it to disk.</doc>
<status status="PASS" start="2025-03-19T22:16:44.344629" elapsed="0.141568"/>
</kw>
<doc>Valida os principais elementos da página inicial</doc>
<status status="PASS" start="2025-03-19T22:16:44.247162" elapsed="0.239514"/>
</test>
<test id="s1-s2-t2" name="Should navigate to partner registration" line="18">
<kw name="Click" owner="Browser">
<msg time="2025-03-19T22:16:44.498213" level="INFO">Clicks the element 'main a[href="/partner"]'.</msg>
<arg>main a[href="/partner"]</arg>
<tag>PageContent</tag>
<tag>Setter</tag>
<doc>Simulates mouse click on the element found by ``selector``.</doc>
<status status="PASS" start="2025-03-19T22:16:44.497514" elapsed="0.065131"/>
</kw>
<kw name="Wait For Elements State" owner="Browser">
<msg time="2025-03-19T22:16:44.573842" level="INFO">Waited for Element with selector h1 at state visible</msg>
<arg>h1</arg>
<arg>visible</arg>
<tag>PageContent</tag>
<tag>Wait</tag>
<doc>Waits for the element found by ``selector`` to satisfy state option.</doc>
<status status="PASS" start="2025-03-19T22:16:44.563241" elapsed="0.010794"/>
</kw>
<kw name="Get Text" owner="Browser">
<msg time="2025-03-19T22:16:44.591043" level="INFO">Text: 'Um mundo de usuários\nagora ao seu alcance'</msg>
<msg time="2025-03-19T22:16:44.591215" level="INFO">${texto_h1} = Um mundo de usuários
[...]
<status status="PASS" start="2025-03-19T22:17:10.439974" elapsed="0.000798"/>
</kw>
<kw name="Set Browser Timeout" owner="Browser">
<arg>30s</arg>
<tag>Config</tag>
<tag>Setter</tag>
<doc>Sets the timeout used by most input and getter keywords.</doc>
<status status="PASS" start="2025-03-19T22:17:10.440944" elapsed="0.000617"/>
</kw>
<status status="PASS" start="2025-03-19T22:17:08.609628" elapsed="1.832100"/>
</kw>
<kw name="Submit partner form" owner="signup">
<kw name="Clear Text" owner="Browser">
<arg>${NAME_INPUT}</arg>
<tag>PageContent</tag>
<tag>Setter</tag>
<doc>Clears the text field found by ``selector``.</doc>
<status status="PASS" start="2025-03-19T22:17:10.443013" elapsed="0.035390"/>
</kw>
<kw name="Fill Text" owner="Browser">
<msg time="2025-03-19T22:17:10.479647" level="INFO">Fills the text 'Super Ravena' in the given field.</msg>
<arg>${NAME_INPUT}</arg>
<arg>${name}</arg>
<tag>PageContent</tag>
<tag>Setter</tag>
<doc>Clears and fills the given ``txt`` into the text field found by ``selector``.</doc>
<status status="PASS" start="2025-03-19T22:17:10.478700" elapsed="0.013543"/>
</kw>
<kw name="Fill Text" owner="Browser">
<msg time="2025-03-19T22:17:10.493355" level="INFO">Fills the text 'super_ravena@email.com' in the given field.</msg>
<arg>${EMAIL_INPUT}</arg>
<arg>${email}</arg>
<tag>PageContent</tag>
<tag>Setter</tag>
<doc>Clears and fills the given ``txt`` into the text field found by ``selector``.</doc>
<status status="PASS" start="2025-03-19T22:17:10.492549" elapsed="0.014711"/>
</kw>
<kw name="Fill Text" owner="Browser">
<msg time="2025-03-19T22:17:10.508390" level="INFO">Fills the text '119999999999' in the given field.</msg>
<arg>${WHATSAPP_INPUT}</arg>
<arg>${whatsapp}</arg>
<tag>PageContent</tag>
<tag>Setter</tag>
<doc>Clears and fills the given ``txt`` into the text field found by ``selector``.</doc>
<status status="PASS" start="2025-03-19T22:17:10.507548" elapsed="0.015681"/>
</kw>
<kw name="Click" owner="Browser">
<msg time="2025-03-19T22:17:10.524332" level="INFO">Clicks the element 'css=img[alt="Restaurante"]'.</msg>
<arg>css=img[alt="${business_type}"]</arg>
<tag>PageContent</tag>
<tag>Setter</tag>
<doc>Simulates mouse click on the element found by ``selector``.</doc>
<status status="PASS" start="2025-03-19T22:17:10.523527" elapsed="0.050805"/>
</kw>
<kw name="Wait For Elements State" owner="Browser">
<msg time="2025-03-19T22:17:10.584895" level="INFO">Waited for Element with selector css=button &gt;&gt; text=Cadastre-se at state visible</msg>
<arg>${REGISTER_BUTTON}</arg>
<arg>visible</arg>
<arg>10</arg>
<tag>PageContent</tag>
<tag>Wait</tag>
<doc>Waits for the element found by ``selector`` to satisfy state option.</doc>
<status status="PASS" start="2025-03-19T22:17:10.574627" elapsed="0.010515"/>
</kw>
<kw name="Click" owner="Browser">
<msg time="2025-03-19T22:17:10.586176" level="INFO">Clicks the element 'css=button &gt;&gt; text=Cadastre-se'.</msg>
<arg>${REGISTER_BUTTON}</arg>
<tag>PageContent</tag>
<tag>Setter</tag>
<doc>Simulates mouse click on the element found by ``selector``.</doc>
<status status="PASS" start="2025-03-19T22:17:10.585404" elapsed="0.044496"/>
</kw>
<kw name="Take Screenshot" owner="Browser">
<msg time="2025-03-19T22:17:10.744989" level="INFO" html="true">&lt;/td&gt;&lt;/tr&gt;&lt;tr&gt;&lt;td colspan="3"&gt;&lt;a href="browser/screenshot/robotframework-browser-screenshot-31.png" target="_blank"&gt;&lt;img src="browser/screenshot/robotframework-browser-screenshot-31.png" width="800px"/&gt;&lt;/a&gt;</msg>
<tag>PageContent</tag>
<doc>Takes a screenshot of the current window or element and saves it to disk.</doc>
<status status="PASS" start="2025-03-19T22:17:10.630260" elapsed="0.115022"/>
</kw>
<arg>${PARTNER_NAME}</arg>
<arg>${PARTNER_EMAIL}</arg>
<arg>${PARTNER_WHATSAPP_INV}</arg>
<arg>${PARTNER_BUSINESS}</arg>
<status status="PASS" start="2025-03-19T22:17:10.442310" elapsed="0.303151"/>
</kw>
<kw name="Wait For Elements State" owner="Browser">
<msg time="2025-03-19T22:17:10.753281" level="INFO">Waited for Element with selector text=Oops! Whatsapp com formato incorreto at state visible</msg>
<arg>${ERROR_PHONE_INVALID}</arg>
<arg>visible</arg>
<arg>10</arg>
<tag>PageContent</tag>
<tag>Wait</tag>
<doc>Waits for the element found by ``selector`` to satisfy state option.</doc>
<status status="PASS" start="2025-03-19T22:17:10.745989" elapsed="0.007487"/>
</kw>
<kw name="Take Screenshot" owner="Browser">
<msg time="2025-03-19T22:17:10.879760" level="INFO" html="true">&lt;/td&gt;&lt;/tr&gt;&lt;tr&gt;&lt;td colspan="3"&gt;&lt;a href="browser/screenshot/robotframework-browser-screenshot-32.png" target="_blank"&gt;&lt;img src="browser/screenshot/robotframework-browser-screenshot-32.png" width="800px"/&gt;&lt;/a&gt;</msg>
<tag>PageContent</tag>
<doc>Takes a screenshot of the current window or element and saves it to disk.</doc>
<status status="PASS" start="2025-03-19T22:17:10.753987" elapsed="0.125983"/>
</kw>
<doc>Não permitir cadastrar parceiro com número inválido</doc>
<tag>signup</tag>
<status status="PASS" start="2025-03-19T22:17:08.605812" elapsed="2.274649"/>
</test>
<test id="s1-s4-t5" name="Should not allow empty fields" line="67">
<kw name="Go to form page" owner="signup">
<kw name="New Browser" owner="Browser">
<msg time="2025-03-19T22:17:10.933997" level="INFO">Switching browser to browser=384a0b5f-eea4-4b8c-a8fd-c573086f6998</msg>
<msg time="2025-03-19T22:17:10.936950" level="INFO">Successfully changed active browser: browser=384a0b5f-eea4-4b8c-a8fd-c573086f6998</msg>
<msg time="2025-03-19T22:17:10.937105" level="INFO">Reusing existing browser with id: browser=384a0b5f-eea4-4b8c-a8fd-c573086f6998</msg>
<arg>browser=chromium</arg>
<arg>headless=false</arg>
<tag>BrowserControl</tag>
<tag>Setter</tag>
<doc>Create a new playwright Browser with specified options.</doc>
<status status="PASS" start="2025-03-19T22:17:10.933090" elapsed="0.004095"/>
</kw>
<kw name="New Page" owner="Browser">
<msg time="2025-03-19T22:17:12.692033" level="INFO">Successfully initialized new page object and opened url: http://localhost:3000/partner</msg>
<msg time="2025-03-19T22:17:12.692155" level="INFO">No context was open. New context was automatically opened when this page is created.</msg>
<arg>http://localhost:3000/partner</arg>
<tag>BrowserControl</tag>
<tag>Setter</tag>
<doc>Open a new Page.</doc>
<status status="PASS" start="2025-03-19T22:17:10.937438" elapsed="1.754982"/>
</kw>
<kw name="Set Strict Mode" owner="Browser">
<arg>on</arg>
<tag>BrowserControl</tag>
<tag>Setter</tag>
<doc>Controls library strict mode.</doc>
<status status="PASS" start="2025-03-19T22:17:12.692714" elapsed="0.000942"/>
</kw>
<kw name="Set Browser Timeout" owner="Browser">
<arg>30s</arg>
<tag>Config</tag>
<tag>Setter</tag>
<doc>Sets the timeout used by most input and getter keywords.</doc>
<status status="PASS" start="2025-03-19T22:17:12.693842" elapsed="0.000728"/>
</kw>
<status status="PASS" start="2025-03-19T22:17:10.932499" elapsed="1.762207"/>
</kw>
<kw name="Click" owner="Browser">
<msg time="2025-03-19T22:17:12.695800" level="INFO">Clicks the element 'css=button &gt;&gt; text=Cadastre-se'.</msg>
<arg>${REGISTER_BUTTON}</arg>
<tag>PageContent</tag>
<tag>Setter</tag>
<doc>Simulates mouse click on the element found by ``selector``.</doc>
<status status="PASS" start="2025-03-19T22:17:12.695148" elapsed="0.069412"/>
</kw>
<kw name="Wait For Elements State" owner="Browser">
<msg time="2025-03-19T22:17:12.773491" level="INFO">Waited for Element with selector text=Informe o nome do estabelecimento at state visible</msg>
<arg>${ERROR_EMPTY_NAME}</arg>
<arg>visible</arg>
<arg>10</arg>
<tag>PageContent</tag>
<tag>Wait</tag>
<doc>Waits for the element found by ``selector`` to satisfy state option.</doc>
<status status="PASS" start="2025-03-19T22:17:12.765190" elapsed="0.008496"/>
</kw>
<kw name="Wait For Elements State" owner="Browser">
<msg time="2025-03-19T22:17:12.780054" level="INFO">Waited for Element with selector text=Informe um e-mail válido at state visible</msg>
<arg>${ERROR_EMPTY_EMAIL}</arg>
<arg>visible</arg>
<arg>10</arg>
<tag>PageContent</tag>
<tag>Wait</tag>
<doc>Waits for the element found by ``selector`` to satisfy state option.</doc>
<status status="PASS" start="2025-03-19T22:17:12.774212" elapsed="0.006019"/>
</kw>
<kw name="Wait For Elements State" owner="Browser">
<msg time="2025-03-19T22:17:12.787103" level="INFO">Waited for Element with selector text=Informe o whats da empresa at state visible</msg>
<arg>${ERROR_EMPTY_PHONE}</arg>
<arg>visible</arg>
<arg>10</arg>
<tag>PageContent</tag>
<tag>Wait</tag>
<doc>Waits for the element found by ``selector`` to satisfy state option.</doc>
<status status="PASS" start="2025-03-19T22:17:12.780694" elapsed="0.006578"/>
</kw>
<kw name="Wait For Elements State" owner="Browser">
<msg time="2025-03-19T22:17:12.792843" level="INFO">Waited for Element with selector text=Selecione o tipo de negócio at state visible</msg>
<arg>${ERROR_EMPTY_BUSINESS}</arg>
<arg>visible</arg>
<arg>10</arg>
<tag>PageContent</tag>
<tag>Wait</tag>
<doc>Waits for the element found by ``selector`` to satisfy state option.</doc>
<status status="PASS" start="2025-03-19T22:17:12.787762" elapsed="0.005229"/>
</kw>
<kw name="Take Screenshot" owner="Browser">
<msg time="2025-03-19T22:17:12.915865" level="INFO" html="true">&lt;/td&gt;&lt;/tr&gt;&lt;tr&gt;&lt;td colspan="3"&gt;&lt;a href="browser/screenshot/robotframework-browser-screenshot-33.png" target="_blank"&gt;&lt;img src="browser/screenshot/robotframework-browser-screenshot-33.png" width="800px"/&gt;&lt;/a&gt;</msg>
<tag>PageContent</tag>
<doc>Takes a screenshot of the current window or element and saves it to disk.</doc>
<status status="PASS" start="2025-03-19T22:17:12.793423" elapsed="0.122685"/>
</kw>
<doc>Não permitir cadastrar parceiro sem preenchimento</doc>
<tag>signup</tag>
<status status="PASS" start="2025-03-19T22:17:10.927930" elapsed="1.988675"/>
</test>
<test id="s1-s4-t6" name="Should delete a partner" line="78">
<kw name="Start Admin Session" owner="admin">
<kw name="Start session" owner="landing">
<kw name="New Browser" owner="Browser">
<msg time="2025-03-19T22:17:12.970868" level="INFO">Switching browser to browser=384a0b5f-eea4-4b8c-a8fd-c573086f6998</msg>
<msg time="2025-03-19T22:17:12.973190" level="INFO">Successfully changed active browser: browser=384a0b5f-eea4-4b8c-a8fd-c573086f6998</msg>
<msg time="2025-03-19T22:17:12.973293" level="INFO">Reusing existing browser with id: browser=384a0b5f-eea4-4b8c-a8fd-c573086f6998</msg>
<arg>browser=chromium</arg>
<arg>headless=false</arg>
<tag>BrowserControl</tag>
<tag>Setter</tag>
<doc>Create a new playwright Browser with specified options.</doc>
<status status="PASS" start="2025-03-19T22:17:12.969973" elapsed="0.003402"/>
</kw>
<kw name="New Page" owner="Browser">
<msg time="2025-03-19T22:17:13.619474" level="INFO">Successfully initialized new page object and opened url: http://localhost:3000/</msg>
<msg time="2025-03-19T22:17:13.619571" level="INFO">No context was open. New context was automatically opened when this page is created.</msg>
<arg>http://localhost:3000/</arg>
<tag>BrowserControl</tag>
<tag>Setter</tag>
<doc>Open a new Page.</doc>
<status status="PASS" start="2025-03-19T22:17:12.973605" elapsed="0.646178"/>
</kw>
<status status="PASS" start="2025-03-19T22:17:12.969535" elapsed="0.650391"/>
</kw>
<kw name="Click" owner="Browser">
<msg time="2025-03-19T22:17:13.621079" level="INFO">Clicks the element 'css=header a[href="/login"]'.</msg>
<arg>css=header a[href="/login"]</arg>
<tag>PageContent</tag>
<tag>Setter</tag>
<doc>Simulates mouse click on the element found by ``selector``.</doc>
<status status="PASS" start="2025-03-19T22:17:13.620142" elapsed="0.068836"/>
</kw>
<kw name="Submit login form" owner="login">
<kw name="Clear Text" owner="Browser">
<arg>${USERNAME_INPUT}</arg>
<tag>PageContent</tag>
<tag>Setter</tag>
<doc>Clears the text field found by ``selector``.</doc>
<status status="PASS" start="2025-03-19T22:17:13.690026" elapsed="0.013816"/>
</kw>
<kw name="Fill Text" owner="Browser">
<msg time="2025-03-19T22:17:13.704882" level="INFO">Fills the text 'administrador' in the given field.</msg>
<arg>${USERNAME_INPUT}</arg>
<arg>${username}</arg>
<tag>PageContent</tag>
<tag>Setter</tag>
<doc>Clears and fills the given ``txt`` into the text field found by ``selector``.</doc>
<status status="PASS" start="2025-03-19T22:17:13.704134" elapsed="0.013695"/>
</kw>
<kw name="Clear Text" owner="Browser">
<arg>${PASSWORD_INPUT}</arg>
<tag>PageContent</tag>
<tag>Setter</tag>
<doc>Clears the text field found by ``selector``.</doc>
<status status="PASS" start="2025-03-19T22:17:13.718163" elapsed="0.011757"/>
</kw>
<kw name="Fill Text" owner="Browser">
<msg time="2025-03-19T22:17:13.730827" level="INFO">Fills the text 'qaninja#123' in the given field.</msg>
<arg>${PASSWORD_INPUT}</arg>
<arg>${password}</arg>
<tag>PageContent</tag>
<tag>Setter</tag>
<doc>Clears and fills the given ``txt`` into the text field found by ``selector``.</doc>
<status status="PASS" start="2025-03-19T22:17:13.730147" elapsed="0.011006"/>
</kw>
<kw name="Click" owner="Browser">
<msg time="2025-03-19T22:17:13.742128" level="INFO">Clicks the element 'css=button &gt;&gt; text=Entrar'.</msg>
<arg>${LOGIN_BUTTON}</arg>
<tag>PageContent</tag>
<tag>Setter</tag>
<doc>Simulates mouse click on the element found by ``selector``.</doc>
<status status="PASS" start="2025-03-19T22:17:13.741410" elapsed="0.045369"/>
</kw>
<arg>administrador</arg>
<arg>qaninja#123</arg>
<status status="PASS" start="2025-03-19T22:17:13.689417" elapsed="0.097541"/>
</kw>
<kw name="Wait For Elements State" owner="Browser">
<msg time="2025-03-19T22:17:13.794215" level="INFO">Waited for Element with selector text=Gestão de Parceiros at state visible</msg>
<arg>text=Gestão de Parceiros</arg>
<arg>visible</arg>
<arg>10</arg>
<tag>PageContent</tag>
<tag>Wait</tag>
<doc>Waits for the element found by ``selector`` to satisfy state option.</doc>
<status status="PASS" start="2025-03-19T22:17:13.787178" elapsed="0.007267"/>
</kw>
<status status="PASS" start="2025-03-19T22:17:12.968971" elapsed="0.825625"/>
</kw>
<kw name="Fill Text" owner="Browser">
<msg time="2025-03-19T22:17:13.795938" level="INFO">Fills the text 'Super Ravena' in the given field.</msg>
<arg>css=input[name="searchField"]</arg>
<arg>${PARTNER_NAME}</arg>
<tag>PageContent</tag>
<tag>Setter</tag>
<doc>Clears and fills the given ``txt`` into the text field found by ``selector``.</doc>
<status status="PASS" start="2025-03-19T22:17:13.795130" elapsed="0.012124"/>
</kw>
<kw name="Click" owner="Browser">
<msg time="2025-03-19T22:17:13.808510" level="INFO">Clicks the element 'text=Buscar'.</msg>
<arg>text=Buscar</arg>
<tag>PageContent</tag>
<tag>Setter</tag>
<doc>Simulates mouse click on the element found by ``selector``.</doc>
<status status="PASS" start="2025-03-19T22:17:13.807825" elapsed="0.035072"/>
</kw>
<kw name="Wait For Elements State" owner="Browser">
<msg time="2025-03-19T22:17:13.939348" level="INFO">Waited for Element with selector css=button[class="button button-danger"] at state visible</msg>
<arg>css=button[class="button button-danger"]</arg>
<arg>visible</arg>
<arg>10</arg>
<tag>PageContent</tag>
<tag>Wait</tag>
<doc>Waits for the element found by ``selector`` to satisfy state option.</doc>
<status status="PASS" start="2025-03-19T22:17:13.843503" elapsed="0.096002"/>
</kw>
<kw name="Take Screenshot" owner="Browser">
<msg time="2025-03-19T22:17:14.063942" level="INFO" html="true">&lt;/td&gt;&lt;/tr&gt;&lt;tr&gt;&lt;td colspan="3"&gt;&lt;a href="browser/screenshot/robotframework-browser-screenshot-34.png" target="_blank"&gt;&lt;img src="browser/screenshot/robotframework-browser-screenshot-34.png" width="800px"/&gt;&lt;/a&gt;</msg>
<tag>PageContent</tag>
<doc>Takes a screenshot of the current window or element and saves it to disk.</doc>
<status status="PASS" start="2025-03-19T22:17:13.940040" elapsed="0.124136"/>
</kw>
<kw name="Click" owner="Browser">
<msg time="2025-03-19T22:17:14.065464" level="INFO">Clicks the element 'css=button[class="button button-danger"]'.</msg>
<arg>css=button[class="button button-danger"]</arg>
<tag>PageContent</tag>
<tag>Setter</tag>
<doc>Simulates mouse click on the element found by ``selector``.</doc>
<status status="PASS" start="2025-03-19T22:17:14.064751" elapsed="0.055903"/>
</kw>
<kw name="Wait For Elements State" owner="Browser">
<msg time="2025-03-19T22:17:14.127820" level="INFO">Waited for Element with selector xpath=//h2[@id='swal2-title' and text()='Super Ravena'] at state visible</msg>
<arg>xpath=//h2[@id='swal2-title' and text()='${PARTNER_NAME}']</arg>
<arg>visible</arg>
<arg>10</arg>
<tag>PageContent</tag>
<tag>Wait</tag>
<doc>Waits for the element found by ``selector`` to satisfy state option.</doc>
<status status="PASS" start="2025-03-19T22:17:14.121284" elapsed="0.006665"/>
</kw>
<kw name="Wait For Elements State" owner="Browser">
<msg time="2025-03-19T22:17:14.134412" level="INFO">Waited for Element with selector text=Você confirma desse parceiro? at state visible</msg>
<arg>${CONFIRM_DELETE_MESSAGE}</arg>
<arg>visible</arg>
<arg>10</arg>
<tag>PageContent</tag>
<tag>Wait</tag>
<doc>Waits for the element found by ``selector`` to satisfy state option.</doc>
<status status="PASS" start="2025-03-19T22:17:14.128425" elapsed="0.006221"/>
</kw>
<kw name="Click" owner="Browser">
<msg time="2025-03-19T22:17:14.135874" level="INFO">Clicks the element 'text=Sim, por favor!'.</msg>
<arg>text=Sim, por favor!</arg>
<tag>PageContent</tag>
<tag>Setter</tag>
<doc>Simulates mouse click on the element found by ``selector``.</doc>
<status status="PASS" start="2025-03-19T22:17:14.135221" elapsed="0.390765"/>
</kw>
<kw name="Take Screenshot" owner="Browser">
<msg time="2025-03-19T22:17:14.651784" level="INFO" html="true">&lt;/td&gt;&lt;/tr&gt;&lt;tr&gt;&lt;td colspan="3"&gt;&lt;a href="browser/screenshot/robotframework-browser-screenshot-35.png" target="_blank"&gt;&lt;img src="browser/screenshot/robotframework-browser-screenshot-35.png" width="800px"/&gt;&lt;/a&gt;</msg>
<tag>PageContent</tag>
<doc>Takes a screenshot of the current window or element and saves it to disk.</doc>
<status status="PASS" start="2025-03-19T22:17:14.526752" elapsed="0.125244"/>
</kw>
<doc>Deletar parceiro</doc>
<tag>admin</tag>
<status status="PASS" start="2025-03-19T22:17:12.963920" elapsed="1.688648"/>
</test>
<kw name="Close Browser" owner="Browser" type="TEARDOWN">
<msg time="2025-03-19T22:17:14.972808" level="INFO">Closed browser</msg>
<tag>BrowserControl</tag>
<tag>Setter</tag>
<doc>Closes the current browser.</doc>
<status status="PASS" start="2025-03-19T22:17:14.707786" elapsed="0.265275"/>
</kw>
<doc>Página de cadastro de parceiro</doc>
<status status="PASS" start="2025-03-19T22:17:01.266941" elapsed="13.706225"/>
</suite>
<status status="PASS" start="2025-03-19T22:16:10.624316" elapsed="64.380001"/>
</suite>
<statistics>
<total>
<stat pass="22" fail="0" skip="0">All Tests</stat>
</total>
<tag>
<stat pass="8" fail="0" skip="0">admin</stat>
<stat pass="6" fail="0" skip="0">login</stat>
<stat pass="5" fail="0" skip="0">signup</stat>
</tag>
<suite>
<stat pass="22" fail="0" skip="0" id="s1" name="Web">Web</stat>
<stat pass="7" fail="0" skip="0" id="s1-s1" name="Admin">Web.Admin</stat>
<stat pass="3" fail="0" skip="0" id="s1-s2" name="Landing">Web.Landing</stat>
<stat pass="6" fail="0" skip="0" id="s1-s3" name="Login">Web.Login</stat>
<stat pass="6" fail="0" skip="0" id="s1-s4" name="Signup">Web.Signup</stat>
</suite>
</statistics>
<errors>
</errors>
</robot>
